2025-03-15 12:58:05,429 - __main__ - INFO - [36mVerbose logging enabled. Detailed messages will now be shown.[0m
2025-03-15 12:58:05,429 - __main__ - INFO - Server address: [36m0.0.0.0[0m
2025-03-15 12:58:05,429 - __main__ - INFO - Server port: [36m9000[0m
2025-03-15 12:58:05,429 - __main__ - INFO - [36mWhitelist is enabled![0m
2025-03-15 12:58:05,429 - __main__ - INFO - [94mActing as Server![0m
2025-03-15 12:58:05,429 - __main__ - INFO - [91mMANUAL communication mode is ON. You can bypass the event loop and send packets directly.[0m
2025-03-15 12:58:05,429 - __main__ - INFO - Server listening on [36m0.0.0.0:9000[0m
2025-03-15 12:58:49,987 - __main__ - INFO - Server address: [36m0.0.0.0[0m
2025-03-15 12:58:49,987 - __main__ - INFO - Server port: [36m9000[0m
2025-03-15 12:58:49,987 - __main__ - INFO - [36mWhitelist is enabled![0m
2025-03-15 12:58:49,987 - __main__ - INFO - [94mActing as Server![0m
2025-03-15 12:58:49,989 - __main__ - INFO - [91mMANUAL communication mode is ON. You can bypass the event loop and send packets directly.[0m
2025-03-15 12:58:49,989 - __main__ - INFO - Server listening on [36m0.0.0.0:9000[0m
2025-03-15 13:01:05,104 - __main__ - INFO - Server address: [36m0.0.0.0[0m
2025-03-15 13:01:05,104 - __main__ - INFO - Server port: [36m9000[0m
2025-03-15 13:01:05,104 - __main__ - INFO - [36mWhitelist is enabled![0m
2025-03-15 13:01:05,104 - __main__ - INFO - [94mActing as Server![0m
2025-03-15 13:01:05,104 - __main__ - INFO - [91mMANUAL communication mode is ON. You can bypass the event loop and send packets directly.[0m
2025-03-15 13:01:05,104 - __main__ - INFO - Server listening on [36m0.0.0.0:9000[0m
2025-03-15 13:01:29,470 - __main__ - DEBUG - [36mVerbose [DEBUG] logging enabled. Detailed messages will now be shown.[0m
2025-03-15 13:01:29,470 - __main__ - INFO - Server address: [36m0.0.0.0[0m
2025-03-15 13:01:29,471 - __main__ - INFO - Server port: [36m9000[0m
2025-03-15 13:01:29,471 - __main__ - INFO - [36mWhitelist is enabled![0m
2025-03-15 13:01:29,471 - __main__ - DEBUG - Whitelisted IPs: [36m['192.168.1.6'][0m
2025-03-15 13:01:29,471 - __main__ - INFO - [94mActing as Server![0m
2025-03-15 13:01:29,472 - __main__ - INFO - [91mMANUAL communication mode is ON. You can bypass the event loop and send packets directly.[0m
2025-03-15 13:01:29,472 - __main__ - INFO - Server listening on [36m0.0.0.0:9000[0m
2025-03-15 13:02:32,143 - __main__ - DEBUG - [36mVerbose [DEBUG] logging enabled. Detailed messages will now be shown.[0m
2025-03-15 13:02:32,145 - __main__ - DEBUG - Signaling Server session to Unity.
2025-03-15 13:02:32,147 - __main__ - INFO - Server address: [36m0.0.0.0[0m
2025-03-15 13:02:32,147 - __main__ - INFO - Server port: [36m9000[0m
2025-03-15 13:02:32,147 - __main__ - INFO - [36mWhitelist is enabled![0m
2025-03-15 13:02:32,147 - __main__ - DEBUG - Whitelisted IPs: [36m['192.168.1.6'][0m
2025-03-15 13:02:32,148 - __main__ - INFO - [94mActing as Server![0m
2025-03-15 13:02:32,148 - __main__ - INFO - [91mMANUAL communication mode is ON. You can bypass the event loop and send packets directly.[0m
2025-03-15 13:02:32,148 - __main__ - INFO - Server listening on [36m0.0.0.0:9000[0m
2025-03-15 13:02:44,419 - __main__ - INFO - Server address: [36m0.0.0.0[0m
2025-03-15 13:02:44,419 - __main__ - INFO - Server port: [36m9000[0m
2025-03-15 13:02:44,419 - __main__ - INFO - [36mWhitelist is enabled![0m
2025-03-15 13:02:44,419 - __main__ - INFO - [94mActing as Server![0m
2025-03-15 13:02:44,419 - __main__ - INFO - [91mMANUAL communication mode is ON. You can bypass the event loop and send packets directly.[0m
2025-03-15 13:02:44,419 - __main__ - INFO - Server listening on [36m0.0.0.0:9000[0m
2025-03-15 13:03:01,476 - __main__ - INFO - Server address: [36m0.0.0.0[0m
2025-03-15 13:03:01,476 - __main__ - INFO - Server port: [36m9000[0m
2025-03-15 13:03:01,476 - __main__ - INFO - [36mWhitelist is enabled![0m
2025-03-15 13:03:01,476 - __main__ - INFO - [94mActing as Server![0m
2025-03-15 13:03:01,476 - __main__ - WARNING - [33mNo clients are currently connected.[0m
2025-03-15 13:03:01,476 - __main__ - INFO - Server listening on [36m0.0.0.0:9000[0m
2025-03-15 13:03:33,944 - __main__ - INFO - Client: [36m('192.168.1.6', 52608)[0m is now connected to server.
2025-03-15 13:03:39,941 - __main__ - INFO - Received: [35mhI[0m
2025-03-15 13:03:41,864 - __main__ - INFO - Received: [35ma[0m
2025-03-15 13:03:42,865 - __main__ - INFO - Received: [35mA[0m
2025-03-15 13:03:43,090 - __main__ - INFO - Received: [35mA[0m
2025-03-15 13:03:43,303 - __main__ - INFO - Received: [35mA[0m
2025-03-15 13:03:43,511 - __main__ - INFO - Received: [35mA[0m
2025-03-15 13:03:43,737 - __main__ - INFO - Received: [35mAA[0m
2025-03-15 13:03:43,971 - __main__ - INFO - Received: [35mA[0m
2025-03-15 13:03:44,183 - __main__ - INFO - Received: [35mA[0m
2025-03-15 13:03:44,391 - __main__ - INFO - Received: [35mA[0m
2025-03-15 13:03:44,838 - __main__ - INFO - Received: [35mDH[0m
2025-03-15 13:03:46,289 - __main__ - INFO - Received: [35mLOLOL[0m
2025-03-15 13:03:49,296 - __main__ - INFO - Received: [35m204[0m
2025-03-15 13:04:01,740 - __main__ - INFO - Received: [35mbye[0m
2025-03-15 13:04:02,884 - __main__ - ERROR - [31m[WinError 10054] An existing connection was forcibly closed by the remote host[0m
2025-03-15 14:26:54,647 - __main__ - INFO - Server address: [36m0.0.0.0[0m
2025-03-15 14:26:54,648 - __main__ - INFO - Server port: [36m9000[0m
2025-03-15 14:26:54,649 - __main__ - INFO - [36mWhitelist is enabled![0m
2025-03-15 14:26:54,649 - __main__ - INFO - [94mActing as Server![0m
2025-03-15 14:26:54,651 - __main__ - WARNING - [33mNo clients are currently connected.[0m
2025-03-15 14:26:54,651 - __main__ - INFO - Server listening on [36m0.0.0.0:9000[0m
2025-03-15 14:27:20,797 - __main__ - DEBUG - [36mVerbose [DEBUG] logging enabled. Detailed messages will now be shown.[0m
2025-03-15 14:27:20,800 - __main__ - DEBUG - Signaling Server session to Unity.
2025-03-15 14:27:20,802 - __main__ - INFO - Server address: [36m0.0.0.0[0m
2025-03-15 14:27:20,802 - __main__ - INFO - Server port: [36m9000[0m
2025-03-15 14:27:20,803 - __main__ - INFO - [36mWhitelist is enabled![0m
2025-03-15 14:27:20,804 - __main__ - DEBUG - Whitelisted IPs: [36m['192.168.1.6'][0m
2025-03-15 14:27:20,804 - __main__ - INFO - [94mActing as Server![0m
2025-03-15 14:27:20,805 - __main__ - WARNING - [33mNo clients are currently connected.[0m
2025-03-15 14:27:20,805 - __main__ - INFO - Server listening on [36m0.0.0.0:9000[0m
2025-03-15 14:35:00,794 - __main__ - DEBUG - [36mVerbose [DEBUG] logging enabled. Detailed messages will now be shown.[0m
2025-03-15 14:35:00,796 - __main__ - DEBUG - Signaling Server session to Unity.
2025-03-15 14:35:00,797 - __main__ - INFO - Server address: [36m0.0.0.0[0m
2025-03-15 14:35:00,797 - __main__ - INFO - Server port: [36m9000[0m
2025-03-15 14:35:00,797 - __main__ - INFO - [36mWhitelist is enabled![0m
2025-03-15 14:35:00,797 - __main__ - DEBUG - Whitelisted IPs: [36m['192.168.1.6'][0m
2025-03-15 14:35:00,798 - __main__ - INFO - [94mActing as Server![0m
2025-03-15 14:35:00,798 - __main__ - WARNING - [33mNo clients are currently connected.[0m
2025-03-15 14:35:00,798 - __main__ - INFO - Server listening on [36m0.0.0.0:9000[0m
2025-03-15 14:39:24,440 - __main__ - DEBUG - [36mVerbose [DEBUG] logging enabled. Detailed messages will now be shown.[0m
2025-03-15 14:39:24,444 - __main__ - DEBUG - Signaling Server session to Unity.
2025-03-15 14:39:24,445 - __main__ - INFO - Server address: [36m0.0.0.0[0m
2025-03-15 14:39:24,446 - __main__ - INFO - Server port: [36m9000[0m
2025-03-15 14:39:24,447 - __main__ - INFO - [36mWhitelist is enabled![0m
2025-03-15 14:39:24,447 - __main__ - DEBUG - Whitelisted IPs: [36m['192.168.1.6'][0m
2025-03-15 14:39:24,447 - __main__ - INFO - [94mActing as Server![0m
2025-03-15 14:39:24,448 - __main__ - WARNING - [33mNo clients are currently connected.[0m
2025-03-15 14:39:24,448 - __main__ - INFO - Server listening on [36m0.0.0.0:9000[0m
2025-03-15 14:54:26,818 - __main__ - DEBUG - [36mVerbose [DEBUG] logging enabled. Detailed messages will now be shown.[0m
2025-03-15 14:54:26,821 - __main__ - DEBUG - Signaling Server session to Unity.
2025-03-15 14:54:26,822 - __main__ - INFO - Server address: [36m0.0.0.0[0m
2025-03-15 14:54:26,823 - __main__ - INFO - Server port: [36m9000[0m
2025-03-15 14:54:26,824 - __main__ - INFO - [36mWhitelist is enabled![0m
2025-03-15 14:54:26,824 - __main__ - DEBUG - Whitelisted IPs: [36m['192.168.1.6'][0m
2025-03-15 14:54:26,824 - __main__ - INFO - [94mActing as Server![0m
2025-03-15 14:54:26,824 - __main__ - WARNING - [33mNo clients are currently connected.[0m
2025-03-15 14:54:26,826 - __main__ - INFO - Server listening on [36m0.0.0.0:9000[0m
2025-03-15 15:22:05,152 - __main__ - DEBUG - [36mVerbose [DEBUG] logging enabled. Detailed messages will now be shown.[0m
2025-03-15 15:22:05,156 - __main__ - DEBUG - Signaling Server session to Unity.
2025-03-15 15:22:05,157 - __main__ - INFO - Server address: [36m0.0.0.0[0m
2025-03-15 15:22:05,158 - __main__ - INFO - Server port: [36m9000[0m
2025-03-15 15:22:05,158 - __main__ - INFO - [36mWhitelist is enabled![0m
2025-03-15 15:22:05,159 - __main__ - DEBUG - Whitelisted IPs: [36m['192.168.1.6'][0m
2025-03-15 15:22:05,159 - __main__ - INFO - [94mActing as Server![0m
2025-03-15 15:22:05,160 - __main__ - WARNING - [33mNo clients are currently connected.[0m
2025-03-15 15:22:05,160 - __main__ - INFO - Server listening on [36m0.0.0.0:9000[0m
2025-03-15 15:22:52,201 - __main__ - DEBUG - [36mVerbose [DEBUG] logging enabled. Detailed messages will now be shown.[0m
2025-03-15 15:22:52,206 - __main__ - DEBUG - Signaling Server session to Unity.
2025-03-15 15:22:52,206 - __main__ - INFO - Server address: [36m0.0.0.0[0m
2025-03-15 15:22:52,207 - __main__ - INFO - Server port: [36m9000[0m
2025-03-15 15:22:52,208 - __main__ - INFO - [36mWhitelist is enabled![0m
2025-03-15 15:22:52,208 - __main__ - DEBUG - Whitelisted IPs: [36m['192.168.1.6'][0m
2025-03-15 15:22:52,209 - __main__ - INFO - [94mActing as Server![0m
2025-03-15 15:22:52,210 - __main__ - WARNING - [33mNo clients are currently connected.[0m
2025-03-15 15:22:52,210 - __main__ - INFO - Server listening on [36m0.0.0.0:9000[0m
2025-03-15 15:24:46,237 - __main__ - DEBUG - [36mVerbose [DEBUG] logging enabled. Detailed messages will now be shown.[0m
2025-03-15 15:24:46,244 - __main__ - DEBUG - Signaling Server session to Unity.
2025-03-15 15:24:46,245 - __main__ - INFO - Server address: [36m0.0.0.0[0m
2025-03-15 15:24:46,246 - __main__ - INFO - Server port: [36m9000[0m
2025-03-15 15:24:46,247 - __main__ - INFO - [36mWhitelist is enabled![0m
2025-03-15 15:24:46,247 - __main__ - DEBUG - Whitelisted IPs: [36m['192.168.1.6'][0m
2025-03-15 15:24:46,247 - __main__ - INFO - [94mActing as Server![0m
2025-03-15 15:24:46,248 - __main__ - WARNING - [33mNo clients are currently connected.[0m
2025-03-15 15:24:46,249 - __main__ - INFO - Server listening on [36m0.0.0.0:9000[0m
2025-03-15 15:26:08,713 - __main__ - DEBUG - [36mVerbose [DEBUG] logging enabled. Detailed messages will now be shown.[0m
2025-03-15 15:26:08,716 - __main__ - DEBUG - Signaling Server session to Unity.
2025-03-15 15:26:08,717 - __main__ - INFO - Server address: [36m0.0.0.0[0m
2025-03-15 15:26:08,718 - __main__ - INFO - Server port: [36m9000[0m
2025-03-15 15:26:08,718 - __main__ - INFO - [36mWhitelist is enabled![0m
2025-03-15 15:26:08,718 - __main__ - DEBUG - Whitelisted IPs: [36m['192.168.1.6'][0m
2025-03-15 15:26:08,718 - __main__ - INFO - [94mActing as Server![0m
2025-03-15 15:26:08,719 - __main__ - WARNING - [33mNo clients are currently connected.[0m
2025-03-15 15:26:08,719 - __main__ - INFO - Server listening on [36m0.0.0.0:9000[0m
2025-03-15 15:26:17,027 - __main__ - DEBUG - [36mVerbose [DEBUG] logging enabled. Detailed messages will now be shown.[0m
2025-03-15 15:26:17,033 - __main__ - DEBUG - Signaling Server session to Unity.
2025-03-15 15:26:17,033 - __main__ - INFO - Server address: [36m0.0.0.0[0m
2025-03-15 15:26:17,034 - __main__ - INFO - Server port: [36m9000[0m
2025-03-15 15:26:17,034 - __main__ - INFO - [36mWhitelist is enabled![0m
2025-03-15 15:26:17,035 - __main__ - DEBUG - Whitelisted IPs: [36m['192.168.1.6'][0m
2025-03-15 15:26:17,035 - __main__ - INFO - [94mActing as Server![0m
2025-03-15 15:26:17,037 - __main__ - WARNING - [33mNo clients are currently connected.[0m
2025-03-15 15:26:17,037 - __main__ - INFO - Server listening on [36m0.0.0.0:9000[0m
2025-03-15 15:28:55,825 - __main__ - DEBUG - [36mVerbose [DEBUG] logging enabled. Detailed messages will now be shown.[0m
2025-03-15 15:28:55,829 - __main__ - DEBUG - Signaling Server session to Unity.
2025-03-15 15:28:55,830 - __main__ - INFO - Server address: [36m0.0.0.0[0m
2025-03-15 15:28:55,830 - __main__ - INFO - Server port: [36m9000[0m
2025-03-15 15:28:55,831 - __main__ - INFO - [36mWhitelist is enabled![0m
2025-03-15 15:28:55,831 - __main__ - DEBUG - Whitelisted IPs: [36m['192.168.1.6'][0m
2025-03-15 15:28:55,832 - __main__ - INFO - [94mActing as Server![0m
2025-03-15 15:28:55,833 - __main__ - INFO - Server listening on [36m0.0.0.0:9000[0m
2025-03-15 15:45:25,777 - __main__ - DEBUG - [36mVerbose [DEBUG] logging enabled. Detailed messages will now be shown.[0m
2025-03-15 15:45:25,781 - __main__ - DEBUG - Signaling Server session to Unity.
2025-03-15 15:45:25,783 - __main__ - INFO - Server address: [36m0.0.0.0[0m
2025-03-15 15:45:25,784 - __main__ - INFO - Server port: [36m9000[0m
2025-03-15 15:45:25,784 - __main__ - INFO - [36mWhitelist is enabled![0m
2025-03-15 15:45:25,786 - __main__ - DEBUG - Whitelisted IPs: [36m['192.168.1.6'][0m
2025-03-15 15:45:25,786 - __main__ - INFO - [94mActing as Server![0m
2025-03-15 15:45:25,787 - __main__ - INFO - Server listening on [36m0.0.0.0:9000[0m
2025-03-15 15:46:52,217 - __main__ - DEBUG - [36mVerbose [DEBUG] logging enabled. Detailed messages will now be shown.[0m
2025-03-15 15:46:52,222 - __main__ - DEBUG - Signaling Server session to Unity.
2025-03-15 15:46:52,223 - __main__ - INFO - Server address: [36m0.0.0.0[0m
2025-03-15 15:46:52,223 - __main__ - INFO - Server port: [36m9000[0m
2025-03-15 15:46:52,225 - __main__ - INFO - [36mWhitelist is enabled![0m
2025-03-15 15:46:52,225 - __main__ - DEBUG - Whitelisted IPs: [36m['192.168.1.6'][0m
2025-03-15 15:46:52,226 - __main__ - INFO - [94mActing as Server![0m
2025-03-15 15:46:52,227 - __main__ - INFO - Server listening on [36m0.0.0.0:9000[0m
2025-03-15 15:47:31,347 - __main__ - DEBUG - [36mVerbose [DEBUG] logging enabled. Detailed messages will now be shown.[0m
2025-03-15 15:47:31,350 - __main__ - DEBUG - Signaling Server session to Unity.
2025-03-15 15:47:31,351 - __main__ - INFO - Server address: [36m0.0.0.0[0m
2025-03-15 15:47:31,351 - __main__ - INFO - Server port: [36m9000[0m
2025-03-15 15:47:31,352 - __main__ - INFO - [36mWhitelist is enabled![0m
2025-03-15 15:47:31,353 - __main__ - DEBUG - Whitelisted IPs: [36m['192.168.1.6'][0m
2025-03-15 15:47:31,353 - __main__ - INFO - [94mActing as Server![0m
2025-03-15 15:47:31,354 - __main__ - INFO - Server listening on [36m0.0.0.0:9000[0m
2025-03-15 15:48:17,512 - __main__ - DEBUG - [36mVerbose [DEBUG] logging enabled. Detailed messages will now be shown.[0m
2025-03-15 15:48:17,516 - __main__ - DEBUG - Signaling Server session to Unity.
2025-03-15 15:48:17,517 - __main__ - INFO - Server address: [36m0.0.0.0[0m
2025-03-15 15:48:17,518 - __main__ - INFO - Server port: [36m9000[0m
2025-03-15 15:48:17,519 - __main__ - INFO - [36mWhitelist is enabled![0m
2025-03-15 15:48:17,519 - __main__ - DEBUG - Whitelisted IPs: [36m['192.168.1.6'][0m
2025-03-15 15:48:17,520 - __main__ - INFO - [94mActing as Server![0m
2025-03-15 15:48:17,522 - __main__ - INFO - Server listening on [36m0.0.0.0:9000[0m
2025-03-15 15:48:51,964 - __main__ - DEBUG - [36mVerbose [DEBUG] logging enabled. Detailed messages will now be shown.[0m
2025-03-15 15:48:51,967 - __main__ - DEBUG - Signaling Server session to Unity.
2025-03-15 15:48:51,967 - __main__ - INFO - Server address: [36m0.0.0.0[0m
2025-03-15 15:48:51,969 - __main__ - INFO - Server port: [36m9000[0m
2025-03-15 15:48:51,969 - __main__ - INFO - [36mWhitelist is enabled![0m
2025-03-15 15:48:51,969 - __main__ - DEBUG - Whitelisted IPs: [36m['192.168.1.6'][0m
2025-03-15 15:48:51,969 - __main__ - INFO - [94mActing as Server![0m
2025-03-15 15:48:51,970 - __main__ - INFO - Server listening on [36m0.0.0.0:9000[0m
2025-03-15 15:49:33,012 - __main__ - DEBUG - [36mVerbose [DEBUG] logging enabled. Detailed messages will now be shown.[0m
2025-03-15 15:49:33,017 - __main__ - DEBUG - Signaling Server session to Unity.
2025-03-15 15:49:33,018 - __main__ - INFO - Server address: [36m0.0.0.0[0m
2025-03-15 15:49:33,018 - __main__ - INFO - Server port: [36m9000[0m
2025-03-15 15:49:33,019 - __main__ - INFO - [36mWhitelist is enabled![0m
2025-03-15 15:49:33,019 - __main__ - DEBUG - Whitelisted IPs: [36m['192.168.1.6'][0m
2025-03-15 15:49:33,020 - __main__ - INFO - [94mActing as Server![0m
2025-03-15 15:49:33,021 - __main__ - INFO - Server listening on [36m0.0.0.0:9000[0m
2025-03-15 15:50:02,560 - __main__ - DEBUG - [36mVerbose [DEBUG] logging enabled. Detailed messages will now be shown.[0m
2025-03-15 15:50:02,565 - __main__ - DEBUG - Signaling Server session to Unity.
2025-03-15 15:50:02,566 - __main__ - INFO - Server address: [36m0.0.0.0[0m
2025-03-15 15:50:02,567 - __main__ - INFO - Server port: [36m9000[0m
2025-03-15 15:50:02,567 - __main__ - INFO - [36mWhitelist is enabled![0m
2025-03-15 15:50:02,568 - __main__ - DEBUG - Whitelisted IPs: [36m['192.168.1.6'][0m
2025-03-15 15:50:02,568 - __main__ - INFO - [94mActing as Server![0m
2025-03-15 15:50:02,569 - __main__ - INFO - Server listening on [36m0.0.0.0:9000[0m
2025-03-15 15:50:46,632 - __main__ - DEBUG - [36mVerbose [DEBUG] logging enabled. Detailed messages will now be shown.[0m
2025-03-15 15:50:46,637 - __main__ - DEBUG - Signaling Server session to Unity.
2025-03-15 15:50:46,638 - __main__ - INFO - Server address: [36m0.0.0.0[0m
2025-03-15 15:50:46,638 - __main__ - INFO - Server port: [36m9000[0m
2025-03-15 15:50:46,639 - __main__ - INFO - [36mWhitelist is enabled![0m
2025-03-15 15:50:46,640 - __main__ - DEBUG - Whitelisted IPs: [36m['192.168.1.6'][0m
2025-03-15 15:50:46,641 - __main__ - INFO - [94mActing as Server![0m
2025-03-15 15:50:46,642 - __main__ - INFO - Server listening on [36m0.0.0.0:9000[0m
2025-03-15 15:52:29,513 - __main__ - DEBUG - [36mVerbose [DEBUG] logging enabled. Detailed messages will now be shown.[0m
2025-03-15 15:52:29,516 - __main__ - DEBUG - Signaling Server session to Unity.
2025-03-15 15:52:29,517 - __main__ - INFO - Server address: [36m0.0.0.0[0m
2025-03-15 15:52:29,517 - __main__ - INFO - Server port: [36m9000[0m
2025-03-15 15:52:29,517 - __main__ - INFO - [36mWhitelist is enabled![0m
2025-03-15 15:52:29,517 - __main__ - DEBUG - Whitelisted IPs: [36m['192.168.1.6'][0m
2025-03-15 15:52:29,518 - __main__ - INFO - [94mActing as Server![0m
2025-03-15 15:52:29,518 - __main__ - INFO - Server listening on [36m0.0.0.0:9000[0m
2025-03-15 15:52:37,423 - __main__ - DEBUG - [36mVerbose [DEBUG] logging enabled. Detailed messages will now be shown.[0m
2025-03-15 15:52:37,428 - __main__ - DEBUG - Signaling Server session to Unity.
2025-03-15 15:52:37,429 - __main__ - INFO - Server address: [36m0.0.0.0[0m
2025-03-15 15:52:37,429 - __main__ - INFO - Server port: [36m9000[0m
2025-03-15 15:52:37,430 - __main__ - INFO - [36mWhitelist is enabled![0m
2025-03-15 15:52:37,431 - __main__ - DEBUG - Whitelisted IPs: [36m['192.168.1.6'][0m
2025-03-15 15:52:37,431 - __main__ - INFO - [94mActing as Server![0m
2025-03-15 15:52:37,433 - __main__ - INFO - Server listening on [36m0.0.0.0:9000[0m
2025-03-15 15:56:00,704 - __main__ - DEBUG - [36mVerbose [DEBUG] logging enabled. Detailed messages will now be shown.[0m
2025-03-15 15:56:00,709 - __main__ - DEBUG - Signaling Server session to Unity.
2025-03-15 15:56:00,709 - __main__ - INFO - Server address: [36m0.0.0.0[0m
2025-03-15 15:56:00,711 - __main__ - INFO - Server port: [36m9000[0m
2025-03-15 15:56:00,712 - __main__ - INFO - [36mWhitelist is enabled![0m
2025-03-15 15:56:00,713 - __main__ - DEBUG - Whitelisted IPs: [36m['192.168.1.6'][0m
2025-03-15 15:56:00,713 - __main__ - INFO - [94mActing as Server![0m
2025-03-15 15:56:00,715 - __main__ - INFO - Server listening on [36m0.0.0.0:9000[0m
2025-03-15 15:56:33,490 - __main__ - DEBUG - [36mVerbose [DEBUG] logging enabled. Detailed messages will now be shown.[0m
2025-03-15 15:56:33,494 - __main__ - DEBUG - Signaling Server session to Unity.
2025-03-15 15:56:33,494 - __main__ - INFO - Server address: [36m0.0.0.0[0m
2025-03-15 15:56:33,495 - __main__ - INFO - Server port: [36m9000[0m
2025-03-15 15:56:33,496 - __main__ - INFO - [36mWhitelist is enabled![0m
2025-03-15 15:56:33,496 - __main__ - DEBUG - Whitelisted IPs: [36m['192.168.1.6'][0m
2025-03-15 15:56:33,496 - __main__ - INFO - [94mActing as Server![0m
2025-03-15 15:56:33,498 - __main__ - INFO - Server listening on [36m0.0.0.0:9000[0m
2025-03-15 15:58:54,395 - __main__ - DEBUG - [36mVerbose [DEBUG] logging enabled. Detailed messages will now be shown.[0m
2025-03-15 15:58:54,400 - __main__ - DEBUG - Signaling Server session to Unity.
2025-03-15 15:58:54,401 - __main__ - INFO - Server address: [36m0.0.0.0[0m
2025-03-15 15:58:54,401 - __main__ - INFO - Server port: [36m9000[0m
2025-03-15 15:58:54,402 - __main__ - INFO - [36mWhitelist is enabled![0m
2025-03-15 15:58:54,403 - __main__ - DEBUG - Whitelisted IPs: [36m['192.168.1.6'][0m
2025-03-15 15:58:54,403 - __main__ - INFO - [94mActing as Server![0m
2025-03-15 15:58:54,404 - __main__ - INFO - Server listening on [36m0.0.0.0:9000[0m
2025-03-15 15:58:54,410 - __main__ - DEBUG - Decoded opcode: Suce
2025-03-15 15:58:57,036 - __main__ - DEBUG - Decoded opcode: 0002
2025-03-15 15:58:57,036 - __main__ - INFO - Set Host Position: 0002:
2025-03-15 15:58:57,058 - __main__ - DEBUG - Decoded opcode: 0002
2025-03-15 15:58:57,058 - __main__ - INFO - Set Host Position: 0002:
2025-03-15 15:58:57,069 - __main__ - DEBUG - Decoded opcode: 0002
2025-03-15 15:58:57,069 - __main__ - INFO - Set Host Position: 0002:
2025-03-15 15:58:57,080 - __main__ - DEBUG - Decoded opcode: 0002
2025-03-15 15:58:57,080 - __main__ - INFO - Set Host Position: 0002:
2025-03-15 15:58:57,091 - __main__ - DEBUG - Decoded opcode: 0002
2025-03-15 15:58:57,091 - __main__ - INFO - Set Host Position: 0002:
2025-03-15 15:58:57,101 - __main__ - DEBUG - Decoded opcode: 0002
2025-03-15 15:58:57,101 - __main__ - INFO - Set Host Position: 0002:
2025-03-15 15:58:57,112 - __main__ - DEBUG - Decoded opcode: 0002
2025-03-15 15:58:57,112 - __main__ - INFO - Set Host Position: 0002:
2025-03-15 15:58:57,123 - __main__ - DEBUG - Decoded opcode: 0002
2025-03-15 15:58:57,123 - __main__ - INFO - Set Host Position: 0002:
2025-03-15 15:58:57,134 - __main__ - DEBUG - Decoded opcode: 0002
2025-03-15 15:58:57,134 - __main__ - INFO - Set Host Position: 0002:
2025-03-15 15:58:57,145 - __main__ - DEBUG - Decoded opcode: 0002
2025-03-15 15:58:57,145 - __main__ - INFO - Set Host Position: 0002:
2025-03-15 15:58:57,157 - __main__ - DEBUG - Decoded opcode: 0002
2025-03-15 15:58:57,157 - __main__ - INFO - Set Host Position: 0002:
2025-03-15 15:58:57,168 - __main__ - DEBUG - Decoded opcode: 0002
2025-03-15 15:58:57,168 - __main__ - INFO - Set Host Position: 0002:
2025-03-15 15:58:57,179 - __main__ - DEBUG - Decoded opcode: 0002
2025-03-15 15:58:57,179 - __main__ - INFO - Set Host Position: 0002:
2025-03-15 15:58:57,190 - __main__ - DEBUG - Decoded opcode: 0002
2025-03-15 15:58:57,190 - __main__ - INFO - Set Host Position: 0002:
2025-03-15 15:58:57,202 - __main__ - DEBUG - Decoded opcode: 0002
2025-03-15 15:58:57,202 - __main__ - INFO - Set Host Position: 0002:
2025-03-15 15:58:57,213 - __main__ - DEBUG - Decoded opcode: 0002
2025-03-15 15:58:57,213 - __main__ - INFO - Set Host Position: 0002:
2025-03-15 15:58:57,224 - __main__ - DEBUG - Decoded opcode: 0002
2025-03-15 15:58:57,224 - __main__ - INFO - Set Host Position: 0002:
2025-03-15 15:58:57,236 - __main__ - DEBUG - Decoded opcode: 0002
2025-03-15 15:58:57,236 - __main__ - INFO - Set Host Position: 0002:
2025-03-15 15:58:57,247 - __main__ - DEBUG - Decoded opcode: 0002
2025-03-15 15:58:57,247 - __main__ - INFO - Set Host Position: 0002:
2025-03-15 15:58:57,258 - __main__ - DEBUG - Decoded opcode: 0002
2025-03-15 15:58:57,258 - __main__ - INFO - Set Host Position: 0002:
2025-03-15 15:58:57,269 - __main__ - DEBUG - Decoded opcode: 0002
2025-03-15 15:58:57,269 - __main__ - INFO - Set Host Position: 0002:
2025-03-15 16:00:10,414 - __main__ - DEBUG - [36mVerbose [DEBUG] logging enabled. Detailed messages will now be shown.[0m
2025-03-15 16:00:10,419 - __main__ - DEBUG - Signaling Server session to Unity.
2025-03-15 16:00:10,420 - __main__ - INFO - Server address: [36m0.0.0.0[0m
2025-03-15 16:00:10,421 - __main__ - INFO - Server port: [36m9000[0m
2025-03-15 16:00:10,422 - __main__ - INFO - [36mWhitelist is enabled![0m
2025-03-15 16:00:10,422 - __main__ - DEBUG - Whitelisted IPs: [36m['192.168.1.6'][0m
2025-03-15 16:00:10,423 - __main__ - INFO - [94mActing as Server![0m
2025-03-15 16:00:10,424 - __main__ - INFO - Server listening on [36m0.0.0.0:9000[0m
2025-03-15 16:00:10,429 - __main__ - DEBUG - Decoded opcode: Suce
2025-03-15 16:00:12,178 - __main__ - DEBUG - Decoded opcode: 0002
2025-03-15 16:00:12,178 - __main__ - INFO - Set Host Position: (0.0, 1.2, 0.0)
2025-03-15 16:00:12,199 - __main__ - DEBUG - Decoded opcode: 0002
2025-03-15 16:00:12,199 - __main__ - INFO - Set Host Position: (0.0, 1.2, 0.0)
2025-03-15 16:00:12,211 - __main__ - DEBUG - Decoded opcode: 0002
2025-03-15 16:00:12,211 - __main__ - INFO - Set Host Position: (0.0, 1.2, 0.0)
2025-03-15 16:00:12,222 - __main__ - DEBUG - Decoded opcode: 0002
2025-03-15 16:00:12,222 - __main__ - INFO - Set Host Position: (0.0, 1.2, 0.0)
2025-03-15 16:00:12,233 - __main__ - DEBUG - Decoded opcode: 0002
2025-03-15 16:00:12,233 - __main__ - INFO - Set Host Position: (0.0, 1.2, 0.1)
2025-03-15 16:00:12,244 - __main__ - DEBUG - Decoded opcode: 0002
2025-03-15 16:00:12,244 - __main__ - INFO - Set Host Position: (0.0, 1.2, 0.1)
2025-03-15 16:00:12,255 - __main__ - DEBUG - Decoded opcode: 0002
2025-03-15 16:00:12,255 - __main__ - INFO - Set Host Position: (0.0, 1.2, 0.1)
2025-03-15 16:00:12,266 - __main__ - DEBUG - Decoded opcode: 0002
2025-03-15 16:00:12,267 - __main__ - INFO - Set Host Position: (-0.1, 1.2, 0.1)
2025-03-15 16:00:12,278 - __main__ - DEBUG - Decoded opcode: 0002
2025-03-15 16:00:12,278 - __main__ - INFO - Set Host Position: (-0.1, 1.2, 0.1)
2025-03-15 16:00:12,289 - __main__ - DEBUG - Decoded opcode: 0002
2025-03-15 16:00:12,289 - __main__ - INFO - Set Host Position: (-0.1, 1.2, 0.2)
2025-03-15 16:00:12,301 - __main__ - DEBUG - Decoded opcode: 0002
2025-03-15 16:00:12,301 - __main__ - INFO - Set Host Position: (-0.1, 1.2, 0.2)
2025-03-15 16:00:12,312 - __main__ - DEBUG - Decoded opcode: 0002
2025-03-15 16:00:12,312 - __main__ - INFO - Set Host Position: (-0.1, 1.2, 0.2)
2025-03-15 16:00:12,323 - __main__ - DEBUG - Decoded opcode: 0002
2025-03-15 16:00:12,323 - __main__ - INFO - Set Host Position: (-0.1, 1.2, 0.2)
2025-03-15 16:00:12,335 - __main__ - DEBUG - Decoded opcode: 0002
2025-03-15 16:00:12,335 - __main__ - INFO - Set Host Position: (-0.1, 1.2, 0.3)
2025-03-15 16:00:12,346 - __main__ - DEBUG - Decoded opcode: 0002
2025-03-15 16:00:12,346 - __main__ - INFO - Set Host Position: (-0.1, 1.2, 0.3)
2025-03-15 16:00:12,357 - __main__ - DEBUG - Decoded opcode: 0002
2025-03-15 16:00:12,357 - __main__ - INFO - Set Host Position: (-0.2, 1.2, 0.3)
2025-03-15 16:00:12,369 - __main__ - DEBUG - Decoded opcode: 0002
2025-03-15 16:00:12,369 - __main__ - INFO - Set Host Position: (-0.2, 1.2, 0.3)
2025-03-15 16:00:12,380 - __main__ - DEBUG - Decoded opcode: 0002
2025-03-15 16:00:12,380 - __main__ - INFO - Set Host Position: (-0.2, 1.2, 0.3)
2025-03-15 16:00:12,391 - __main__ - DEBUG - Decoded opcode: 0002
2025-03-15 16:00:12,391 - __main__ - INFO - Set Host Position: (-0.2, 1.2, 0.4)
2025-03-15 16:00:12,413 - __main__ - DEBUG - Decoded opcode: 0002
2025-03-15 16:00:12,413 - __main__ - INFO - Set Host Position: (-0.2, 1.2, 0.4)
2025-03-15 16:00:12,424 - __main__ - DEBUG - Decoded opcode: 0002
2025-03-15 16:00:12,424 - __main__ - INFO - Set Host Position: (-0.2, 1.2, 0.4)
2025-03-15 16:00:14,276 - __main__ - DEBUG - Decoded opcode: 0002
2025-03-15 16:00:14,276 - __main__ - INFO - Set Host Position: (-0.2, 1.2, 0.4)
2025-03-15 16:00:14,287 - __main__ - DEBUG - Decoded opcode: 0002
2025-03-15 16:00:14,287 - __main__ - INFO - Set Host Position: (-0.2, 1.2, 0.4)
2025-03-15 16:00:14,298 - __main__ - DEBUG - Decoded opcode: 0002
2025-03-15 16:00:14,298 - __main__ - INFO - Set Host Position: (-0.2, 1.2, 0.4)
2025-03-15 16:00:14,310 - __main__ - DEBUG - Decoded opcode: 0002
2025-03-15 16:00:14,310 - __main__ - INFO - Set Host Position: (-0.2, 1.2, 0.3)
2025-03-15 16:00:14,321 - __main__ - DEBUG - Decoded opcode: 0002
2025-03-15 16:00:14,321 - __main__ - INFO - Set Host Position: (-0.2, 1.2, 0.3)
2025-03-15 16:00:14,333 - __main__ - DEBUG - Decoded opcode: 0002
2025-03-15 16:00:14,333 - __main__ - INFO - Set Host Position: (-0.2, 1.2, 0.3)
2025-03-15 16:00:14,344 - __main__ - DEBUG - Decoded opcode: 0002
2025-03-15 16:00:14,344 - __main__ - INFO - Set Host Position: (-0.1, 1.2, 0.3)
2025-03-15 16:00:14,354 - __main__ - DEBUG - Decoded opcode: 0002
2025-03-15 16:00:14,354 - __main__ - INFO - Set Host Position: (-0.1, 1.2, 0.3)
2025-03-15 16:00:14,365 - __main__ - DEBUG - Decoded opcode: 0002
2025-03-15 16:00:14,365 - __main__ - INFO - Set Host Position: (-0.1, 1.2, 0.2)
2025-03-15 16:00:14,377 - __main__ - DEBUG - Decoded opcode: 0002
2025-03-15 16:00:14,377 - __main__ - INFO - Set Host Position: (-0.1, 1.2, 0.2)
2025-03-15 16:00:14,388 - __main__ - DEBUG - Decoded opcode: 0002
2025-03-15 16:00:14,388 - __main__ - INFO - Set Host Position: (-0.1, 1.2, 0.2)
2025-03-15 16:00:14,399 - __main__ - DEBUG - Decoded opcode: 0002
2025-03-15 16:00:14,400 - __main__ - INFO - Set Host Position: (-0.1, 1.2, 0.2)
2025-03-15 16:00:14,411 - __main__ - DEBUG - Decoded opcode: 0002
2025-03-15 16:00:14,411 - __main__ - INFO - Set Host Position: (-0.1, 1.2, 0.1)
2025-03-15 16:00:14,422 - __main__ - DEBUG - Decoded opcode: 0002
2025-03-15 16:00:14,422 - __main__ - INFO - Set Host Position: (-0.1, 1.2, 0.1)
2025-03-15 16:00:14,434 - __main__ - DEBUG - Decoded opcode: 0002
2025-03-15 16:00:14,434 - __main__ - INFO - Set Host Position: (0.0, 1.2, 0.1)
2025-03-15 16:00:14,445 - __main__ - DEBUG - Decoded opcode: 0002
2025-03-15 16:00:14,445 - __main__ - INFO - Set Host Position: (0.0, 1.2, 0.0)
2025-03-15 16:00:14,456 - __main__ - DEBUG - Decoded opcode: 0002
2025-03-15 16:00:14,456 - __main__ - INFO - Set Host Position: (0.0, 1.2, 0.0)
2025-03-15 16:00:14,467 - __main__ - DEBUG - Decoded opcode: 0002
2025-03-15 16:00:14,467 - __main__ - INFO - Set Host Position: (0.0, 1.2, 0.0)
2025-03-15 16:00:14,478 - __main__ - DEBUG - Decoded opcode: 0002
2025-03-15 16:00:14,478 - __main__ - INFO - Set Host Position: (0.0, 1.2, -0.1)
2025-03-15 16:00:14,489 - __main__ - DEBUG - Decoded opcode: 0002
2025-03-15 16:00:14,489 - __main__ - INFO - Set Host Position: (0.1, 1.2, -0.1)
2025-03-15 16:00:14,501 - __main__ - DEBUG - Decoded opcode: 0002
2025-03-15 16:00:14,501 - __main__ - INFO - Set Host Position: (0.1, 1.2, -0.2)
2025-03-15 16:00:14,512 - __main__ - DEBUG - Decoded opcode: 0002
2025-03-15 16:00:14,512 - __main__ - INFO - Set Host Position: (0.1, 1.2, -0.2)
2025-03-15 16:00:14,523 - __main__ - DEBUG - Decoded opcode: 0002
2025-03-15 16:00:14,523 - __main__ - INFO - Set Host Position: (0.1, 1.2, -0.2)
2025-03-15 16:00:14,534 - __main__ - DEBUG - Decoded opcode: 0002
2025-03-15 16:00:14,534 - __main__ - INFO - Set Host Position: (0.2, 1.2, -0.3)
2025-03-15 16:00:14,545 - __main__ - DEBUG - Decoded opcode: 0002
2025-03-15 16:00:14,545 - __main__ - INFO - Set Host Position: (0.2, 1.2, -0.3)
2025-03-15 16:00:14,557 - __main__ - DEBUG - Decoded opcode: 0002
2025-03-15 16:00:14,557 - __main__ - INFO - Set Host Position: (0.2, 1.2, -0.4)
2025-03-15 16:00:14,568 - __main__ - DEBUG - Decoded opcode: 0002
2025-03-15 16:00:14,568 - __main__ - INFO - Set Host Position: (0.2, 1.2, -0.4)
2025-03-15 16:00:14,579 - __main__ - DEBUG - Decoded opcode: 0002
2025-03-15 16:00:14,579 - __main__ - INFO - Set Host Position: (0.3, 1.2, -0.5)
2025-03-15 16:00:14,590 - __main__ - DEBUG - Decoded opcode: 0002
2025-03-15 16:00:14,590 - __main__ - INFO - Set Host Position: (0.3, 1.2, -0.5)
2025-03-15 16:00:14,602 - __main__ - DEBUG - Decoded opcode: 0002
2025-03-15 16:00:14,602 - __main__ - INFO - Set Host Position: (0.3, 1.2, -0.6)
2025-03-15 16:00:14,613 - __main__ - DEBUG - Decoded opcode: 0002
2025-03-15 16:00:14,613 - __main__ - INFO - Set Host Position: (0.3, 1.2, -0.7)
2025-03-15 16:00:14,624 - __main__ - DEBUG - Decoded opcode: 0002
2025-03-15 16:00:14,624 - __main__ - INFO - Set Host Position: (0.4, 1.2, -0.7)
2025-03-15 16:00:14,635 - __main__ - DEBUG - Decoded opcode: 0002
2025-03-15 16:00:14,635 - __main__ - INFO - Set Host Position: (0.4, 1.2, -0.7)
2025-03-15 16:00:14,646 - __main__ - DEBUG - Decoded opcode: 0002
2025-03-15 16:00:14,646 - __main__ - INFO - Set Host Position: (0.4, 1.2, -0.8)
2025-03-15 16:00:14,657 - __main__ - DEBUG - Decoded opcode: 0002
2025-03-15 16:00:14,657 - __main__ - INFO - Set Host Position: (0.4, 1.2, -0.8)
2025-03-15 16:00:14,668 - __main__ - DEBUG - Decoded opcode: 0002
2025-03-15 16:00:14,669 - __main__ - INFO - Set Host Position: (0.5, 1.2, -0.9)
2025-03-15 16:00:14,679 - __main__ - DEBUG - Decoded opcode: 0002
2025-03-15 16:00:14,679 - __main__ - INFO - Set Host Position: (0.5, 1.2, -0.9)
2025-03-15 16:00:14,690 - __main__ - DEBUG - Decoded opcode: 0002
2025-03-15 16:00:14,691 - __main__ - INFO - Set Host Position: (0.5, 1.2, -1.0)
2025-03-15 16:00:14,701 - __main__ - DEBUG - Decoded opcode: 0002
2025-03-15 16:00:14,701 - __main__ - INFO - Set Host Position: (0.6, 1.2, -1.0)
2025-03-15 16:00:14,712 - __main__ - DEBUG - Decoded opcode: 0002
2025-03-15 16:00:14,712 - __main__ - INFO - Set Host Position: (0.6, 1.2, -1.1)
2025-03-15 16:00:14,723 - __main__ - DEBUG - Decoded opcode: 0002
2025-03-15 16:00:14,723 - __main__ - INFO - Set Host Position: (0.6, 1.2, -1.1)
2025-03-15 16:00:14,734 - __main__ - DEBUG - Decoded opcode: 0002
2025-03-15 16:00:14,734 - __main__ - INFO - Set Host Position: (0.6, 1.2, -1.2)
2025-03-15 16:00:14,746 - __main__ - DEBUG - Decoded opcode: 0002
2025-03-15 16:00:14,746 - __main__ - INFO - Set Host Position: (0.7, 1.2, -1.2)
2025-03-15 16:00:14,757 - __main__ - DEBUG - Decoded opcode: 0002
2025-03-15 16:00:14,757 - __main__ - INFO - Set Host Position: (0.7, 1.2, -1.3)
2025-03-15 16:00:14,768 - __main__ - DEBUG - Decoded opcode: 0002
2025-03-15 16:00:14,768 - __main__ - INFO - Set Host Position: (0.7, 1.2, -1.3)
2025-03-15 16:00:14,779 - __main__ - DEBUG - Decoded opcode: 0002
2025-03-15 16:00:14,779 - __main__ - INFO - Set Host Position: (0.7, 1.2, -1.4)
2025-03-15 16:00:14,790 - __main__ - DEBUG - Decoded opcode: 0002
2025-03-15 16:00:14,790 - __main__ - INFO - Set Host Position: (0.8, 1.2, -1.4)
2025-03-15 16:00:14,802 - __main__ - DEBUG - Decoded opcode: 0002
2025-03-15 16:00:14,802 - __main__ - INFO - Set Host Position: (0.8, 1.2, -1.5)
2025-03-15 16:00:14,813 - __main__ - DEBUG - Decoded opcode: 0002
2025-03-15 16:00:14,813 - __main__ - INFO - Set Host Position: (0.8, 1.2, -1.5)
2025-03-15 16:00:14,824 - __main__ - DEBUG - Decoded opcode: 0002
2025-03-15 16:00:14,824 - __main__ - INFO - Set Host Position: (0.8, 1.2, -1.6)
2025-03-15 16:00:14,835 - __main__ - DEBUG - Decoded opcode: 0002
2025-03-15 16:00:14,835 - __main__ - INFO - Set Host Position: (0.9, 1.2, -1.6)
2025-03-15 16:00:14,846 - __main__ - DEBUG - Decoded opcode: 0002
2025-03-15 16:00:14,846 - __main__ - INFO - Set Host Position: (0.9, 1.2, -1.7)
2025-03-15 16:00:14,857 - __main__ - DEBUG - Decoded opcode: 0002
2025-03-15 16:00:14,857 - __main__ - INFO - Set Host Position: (0.9, 1.2, -1.7)
2025-03-15 16:00:14,868 - __main__ - DEBUG - Decoded opcode: 0002
2025-03-15 16:00:14,868 - __main__ - INFO - Set Host Position: (0.9, 1.2, -1.8)
2025-03-15 16:00:14,879 - __main__ - DEBUG - Decoded opcode: 0002
2025-03-15 16:00:14,879 - __main__ - INFO - Set Host Position: (1.0, 1.2, -1.8)
2025-03-15 16:00:14,890 - __main__ - DEBUG - Decoded opcode: 0002
2025-03-15 16:00:14,890 - __main__ - INFO - Set Host Position: (1.0, 1.2, -1.9)
2025-03-15 16:00:14,901 - __main__ - DEBUG - Decoded opcode: 0002
2025-03-15 16:00:14,901 - __main__ - INFO - Set Host Position: (1.0, 1.2, -1.9)
2025-03-15 16:00:14,912 - __main__ - DEBUG - Decoded opcode: 0002
2025-03-15 16:00:14,912 - __main__ - INFO - Set Host Position: (1.0, 1.2, -2.0)
2025-03-15 16:00:14,923 - __main__ - DEBUG - Decoded opcode: 0002
2025-03-15 16:00:14,923 - __main__ - INFO - Set Host Position: (1.1, 1.2, -2.0)
2025-03-15 16:00:14,934 - __main__ - DEBUG - Decoded opcode: 0002
2025-03-15 16:00:14,934 - __main__ - INFO - Set Host Position: (1.1, 1.2, -2.1)
2025-03-15 16:00:14,945 - __main__ - DEBUG - Decoded opcode: 0002
2025-03-15 16:00:14,945 - __main__ - INFO - Set Host Position: (1.1, 1.2, -2.1)
2025-03-15 16:00:14,956 - __main__ - DEBUG - Decoded opcode: 0002
2025-03-15 16:00:14,957 - __main__ - INFO - Set Host Position: (1.1, 1.2, -2.2)
2025-03-15 16:00:14,968 - __main__ - DEBUG - Decoded opcode: 0002
2025-03-15 16:00:14,968 - __main__ - INFO - Set Host Position: (1.2, 1.2, -2.2)
2025-03-15 16:00:14,979 - __main__ - DEBUG - Decoded opcode: 0002
2025-03-15 16:00:14,979 - __main__ - INFO - Set Host Position: (1.2, 1.2, -2.3)
2025-03-15 16:00:14,990 - __main__ - DEBUG - Decoded opcode: 0002
2025-03-15 16:00:14,990 - __main__ - INFO - Set Host Position: (1.2, 1.2, -2.3)
2025-03-15 16:00:15,001 - __main__ - DEBUG - Decoded opcode: 0002
2025-03-15 16:00:15,001 - __main__ - INFO - Set Host Position: (1.3, 1.2, -2.4)
2025-03-15 16:00:15,012 - __main__ - DEBUG - Decoded opcode: 0002
2025-03-15 16:00:15,012 - __main__ - INFO - Set Host Position: (1.3, 1.2, -2.4)
2025-03-15 16:00:15,024 - __main__ - DEBUG - Decoded opcode: 0002
2025-03-15 16:00:15,024 - __main__ - INFO - Set Host Position: (1.3, 1.2, -2.5)
2025-03-15 16:00:15,035 - __main__ - DEBUG - Decoded opcode: 0002
2025-03-15 16:00:15,035 - __main__ - INFO - Set Host Position: (1.3, 1.2, -2.5)
2025-03-15 16:00:15,046 - __main__ - DEBUG - Decoded opcode: 0002
2025-03-15 16:00:15,046 - __main__ - INFO - Set Host Position: (1.4, 1.2, -2.5)
2025-03-15 16:00:15,057 - __main__ - DEBUG - Decoded opcode: 0002
2025-03-15 16:00:15,057 - __main__ - INFO - Set Host Position: (1.4, 1.2, -2.6)
2025-03-15 16:00:15,068 - __main__ - DEBUG - Decoded opcode: 0002
2025-03-15 16:00:15,068 - __main__ - INFO - Set Host Position: (1.4, 1.2, -2.6)
2025-03-15 16:00:15,079 - __main__ - DEBUG - Decoded opcode: 0002
2025-03-15 16:00:15,079 - __main__ - INFO - Set Host Position: (1.4, 1.2, -2.7)
2025-03-15 16:00:15,090 - __main__ - DEBUG - Decoded opcode: 0002
2025-03-15 16:00:15,091 - __main__ - INFO - Set Host Position: (1.4, 1.2, -2.7)
2025-03-15 16:00:15,102 - __main__ - DEBUG - Decoded opcode: 0002
2025-03-15 16:00:15,102 - __main__ - INFO - Set Host Position: (1.5, 1.2, -2.7)
2025-03-15 16:00:15,113 - __main__ - DEBUG - Decoded opcode: 0002
2025-03-15 16:00:15,113 - __main__ - INFO - Set Host Position: (1.5, 1.2, -2.8)
2025-03-15 16:00:15,124 - __main__ - DEBUG - Decoded opcode: 0002
2025-03-15 16:00:15,124 - __main__ - INFO - Set Host Position: (1.5, 1.2, -2.8)
2025-03-15 16:00:15,135 - __main__ - DEBUG - Decoded opcode: 0002
2025-03-15 16:00:15,135 - __main__ - INFO - Set Host Position: (1.5, 1.2, -2.8)
2025-03-15 16:00:15,146 - __main__ - DEBUG - Decoded opcode: 0002
2025-03-15 16:00:15,146 - __main__ - INFO - Set Host Position: (1.5, 1.2, -2.8)
2025-03-15 16:00:15,158 - __main__ - DEBUG - Decoded opcode: 0002
2025-03-15 16:00:15,158 - __main__ - INFO - Set Host Position: (1.5, 1.2, -2.9)
2025-03-15 16:00:15,169 - __main__ - DEBUG - Decoded opcode: 0002
2025-03-15 16:00:15,169 - __main__ - INFO - Set Host Position: (1.6, 1.2, -2.9)
2025-03-15 16:00:15,180 - __main__ - DEBUG - Decoded opcode: 0002
2025-03-15 16:00:15,180 - __main__ - INFO - Set Host Position: (1.6, 1.2, -2.9)
2025-03-15 16:00:15,191 - __main__ - DEBUG - Decoded opcode: 0002
2025-03-15 16:00:15,191 - __main__ - INFO - Set Host Position: (1.6, 1.2, -2.9)
2025-03-15 16:00:15,202 - __main__ - DEBUG - Decoded opcode: 0002
2025-03-15 16:00:15,202 - __main__ - INFO - Set Host Position: (1.6, 1.2, -3.0)
2025-03-15 16:00:15,213 - __main__ - DEBUG - Decoded opcode: 0002
2025-03-15 16:00:15,213 - __main__ - INFO - Set Host Position: (1.6, 1.2, -3.0)
2025-03-15 16:00:15,225 - __main__ - DEBUG - Decoded opcode: 0002
2025-03-15 16:00:15,225 - __main__ - INFO - Set Host Position: (1.6, 1.2, -3.0)
2025-03-15 16:00:15,236 - __main__ - DEBUG - Decoded opcode: 0002
2025-03-15 16:00:15,236 - __main__ - INFO - Set Host Position: (1.6, 1.2, -3.0)
2025-03-15 16:00:15,247 - __main__ - DEBUG - Decoded opcode: 0002
2025-03-15 16:00:15,247 - __main__ - INFO - Set Host Position: (1.6, 1.2, -3.0)
2025-03-15 16:00:15,258 - __main__ - DEBUG - Decoded opcode: 0002
2025-03-15 16:00:15,258 - __main__ - INFO - Set Host Position: (1.6, 1.2, -3.0)
2025-03-15 16:00:15,269 - __main__ - DEBUG - Decoded opcode: 0002
2025-03-15 16:00:15,269 - __main__ - INFO - Set Host Position: (1.6, 1.2, -3.0)
2025-03-15 16:00:15,280 - __main__ - DEBUG - Decoded opcode: 0002
2025-03-15 16:00:15,280 - __main__ - INFO - Set Host Position: (1.7, 1.2, -3.1)
2025-03-15 16:00:15,291 - __main__ - DEBUG - Decoded opcode: 0002
2025-03-15 16:00:15,291 - __main__ - INFO - Set Host Position: (1.7, 1.2, -3.1)
2025-03-15 16:00:15,323 - __main__ - DEBUG - Decoded opcode: 0002
2025-03-15 16:00:15,323 - __main__ - INFO - Set Host Position: (1.7, 1.2, -3.1)
2025-03-15 16:04:57,958 - __main__ - DEBUG - [36mVerbose [DEBUG] logging enabled. Detailed messages will now be shown.[0m
2025-03-15 16:04:57,967 - __main__ - DEBUG - Signaling Server session to Unity.
2025-03-15 16:04:57,970 - __main__ - INFO - Server address: [36m0.0.0.0[0m
2025-03-15 16:04:57,970 - __main__ - INFO - Server port: [36m9000[0m
2025-03-15 16:04:57,971 - __main__ - INFO - [36mWhitelist is enabled![0m
2025-03-15 16:04:57,972 - __main__ - DEBUG - Whitelisted IPs: [36m['192.168.1.6'][0m
2025-03-15 16:04:57,972 - __main__ - INFO - [94mActing as Server![0m
2025-03-15 16:04:57,976 - __main__ - INFO - Server listening on [36m0.0.0.0:9000[0m
2025-03-15 16:04:57,977 - __main__ - DEBUG - Decoded opcode: Suce
2025-03-15 16:04:59,550 - __main__ - DEBUG - Decoded opcode: 0002
2025-03-15 16:04:59,550 - __main__ - INFO - Set Host Position: (0.0, 1.2, 0.0)
2025-03-15 16:12:32,456 - __main__ - DEBUG - [36mVerbose [DEBUG] logging enabled. Detailed messages will now be shown.[0m
2025-03-15 16:12:32,460 - __main__ - DEBUG - Signaling Server session to Unity.
2025-03-15 16:12:32,461 - __main__ - INFO - Server address: [36m0.0.0.0[0m
2025-03-15 16:12:32,461 - __main__ - INFO - Server port: [36m9000[0m
2025-03-15 16:12:32,462 - __main__ - INFO - [36mWhitelist is enabled![0m
2025-03-15 16:12:32,463 - __main__ - DEBUG - Whitelisted IPs: [36m['192.168.1.6'][0m
2025-03-15 16:12:32,464 - __main__ - INFO - [94mActing as Server![0m
2025-03-15 16:12:32,465 - __main__ - INFO - Server listening on [36m0.0.0.0:9000[0m
2025-03-15 16:12:32,471 - __main__ - DEBUG - Decoded opcode: Suce
2025-03-15 16:12:35,218 - __main__ - DEBUG - Decoded opcode: 0002
2025-03-15 16:12:35,218 - __main__ - INFO - Set Host Position: (0.0, 1.2, 0.0)
2025-03-15 16:12:35,239 - __main__ - DEBUG - Decoded opcode: 0002
2025-03-15 16:12:35,239 - __main__ - INFO - Set Host Position: (0.0, 1.2, 0.0)
2025-03-15 16:12:35,251 - __main__ - DEBUG - Decoded opcode: 0002
2025-03-15 16:12:35,251 - __main__ - INFO - Set Host Position: (0.0, 1.2, 0.0)
2025-03-15 16:12:35,263 - __main__ - DEBUG - Decoded opcode: 0002
2025-03-15 16:12:35,266 - __main__ - INFO - Set Host Position: (0.0, 1.2, 0.0)
2025-03-15 16:12:35,277 - __main__ - DEBUG - Decoded opcode: 0002
2025-03-15 16:12:35,278 - __main__ - INFO - Set Host Position: (0.1, 1.2, 0.0)
2025-03-15 16:12:35,289 - __main__ - DEBUG - Decoded opcode: 0002
2025-03-15 16:12:35,290 - __main__ - INFO - Set Host Position: (0.1, 1.2, 0.0)
2025-03-15 16:12:35,301 - __main__ - DEBUG - Decoded opcode: 0002
2025-03-15 16:12:35,301 - __main__ - INFO - Set Host Position: (0.1, 1.2, 0.1)
2025-03-15 16:12:35,314 - __main__ - DEBUG - Decoded opcode: 0002
2025-03-15 16:12:35,314 - __main__ - INFO - Set Host Position: (0.1, 1.2, 0.1)
2025-03-15 16:12:35,326 - __main__ - DEBUG - Decoded opcode: 0002
2025-03-15 16:12:35,326 - __main__ - INFO - Set Host Position: (0.1, 1.2, 0.1)
2025-03-15 16:12:35,337 - __main__ - DEBUG - Decoded opcode: 0002
2025-03-15 16:12:35,337 - __main__ - INFO - Set Host Position: (0.2, 1.2, 0.1)
2025-03-15 16:12:35,350 - __main__ - DEBUG - Decoded opcode: 0002
2025-03-15 16:12:35,351 - __main__ - INFO - Set Host Position: (0.2, 1.2, 0.1)
2025-03-15 16:12:35,362 - __main__ - DEBUG - Decoded opcode: 0002
2025-03-15 16:12:35,363 - __main__ - INFO - Set Host Position: (0.2, 1.2, 0.1)
2025-03-15 16:12:35,375 - __main__ - DEBUG - Decoded opcode: 0002
2025-03-15 16:12:35,376 - __main__ - INFO - Set Host Position: (0.3, 1.2, 0.1)
2025-03-15 16:12:35,387 - __main__ - DEBUG - Decoded opcode: 0002
2025-03-15 16:12:35,388 - __main__ - INFO - Set Host Position: (0.3, 1.2, 0.2)
2025-03-15 16:12:35,400 - __main__ - DEBUG - Decoded opcode: 0002
2025-03-15 16:12:35,400 - __main__ - INFO - Set Host Position: (0.3, 1.2, 0.2)
2025-03-15 16:12:35,412 - __main__ - DEBUG - Decoded opcode: 0002
2025-03-15 16:12:35,412 - __main__ - INFO - Set Host Position: (0.4, 1.2, 0.2)
2025-03-15 16:12:35,425 - __main__ - DEBUG - Decoded opcode: 0002
2025-03-15 16:12:35,425 - __main__ - INFO - Set Host Position: (0.4, 1.2, 0.2)
2025-03-15 16:12:35,436 - __main__ - DEBUG - Decoded opcode: 0002
2025-03-15 16:12:35,436 - __main__ - INFO - Set Host Position: (0.4, 1.2, 0.2)
2025-03-15 16:12:35,449 - __main__ - DEBUG - Decoded opcode: 0002
2025-03-15 16:12:35,450 - __main__ - INFO - Set Host Position: (0.5, 1.2, 0.2)
2025-03-15 16:12:35,462 - __main__ - DEBUG - Decoded opcode: 0002
2025-03-15 16:12:35,462 - __main__ - INFO - Set Host Position: (0.5, 1.2, 0.3)
2025-03-15 16:12:35,474 - __main__ - DEBUG - Decoded opcode: 0002
2025-03-15 16:12:35,475 - __main__ - INFO - Set Host Position: (0.6, 1.2, 0.3)
2025-03-15 16:12:35,486 - __main__ - DEBUG - Decoded opcode: 0002
2025-03-15 16:12:35,486 - __main__ - INFO - Set Host Position: (0.6, 1.2, 0.3)
2025-03-15 16:12:35,499 - __main__ - DEBUG - Decoded opcode: 0002
2025-03-15 16:12:35,499 - __main__ - INFO - Set Host Position: (0.7, 1.2, 0.4)
2025-03-15 16:12:35,511 - __main__ - DEBUG - Decoded opcode: 0002
2025-03-15 16:12:35,512 - __main__ - INFO - Set Host Position: (0.7, 1.2, 0.4)
2025-03-15 16:12:35,523 - __main__ - DEBUG - Decoded opcode: 0002
2025-03-15 16:12:35,523 - __main__ - INFO - Set Host Position: (0.8, 1.2, 0.4)
2025-03-15 16:12:35,534 - __main__ - DEBUG - Decoded opcode: 0002
2025-03-15 16:12:35,534 - __main__ - INFO - Set Host Position: (0.8, 1.2, 0.4)
2025-03-15 16:12:35,546 - __main__ - DEBUG - Decoded opcode: 0002
2025-03-15 16:12:35,546 - __main__ - INFO - Set Host Position: (0.9, 1.2, 0.4)
2025-03-15 16:12:35,558 - __main__ - DEBUG - Decoded opcode: 0002
2025-03-15 16:12:35,558 - __main__ - INFO - Set Host Position: (0.9, 1.2, 0.5)
2025-03-15 16:12:35,570 - __main__ - DEBUG - Decoded opcode: 0002
2025-03-15 16:12:35,570 - __main__ - INFO - Set Host Position: (0.9, 1.2, 0.5)
2025-03-15 16:12:35,582 - __main__ - DEBUG - Decoded opcode: 0002
2025-03-15 16:12:35,583 - __main__ - INFO - Set Host Position: (1.0, 1.2, 0.5)
2025-03-15 16:12:35,595 - __main__ - DEBUG - Decoded opcode: 0002
2025-03-15 16:12:35,595 - __main__ - INFO - Set Host Position: (1.0, 1.2, 0.5)
2025-03-15 16:12:35,607 - __main__ - DEBUG - Decoded opcode: 0002
2025-03-15 16:12:35,608 - __main__ - INFO - Set Host Position: (1.0, 1.2, 0.5)
2025-03-15 16:12:35,620 - __main__ - DEBUG - Decoded opcode: 0002
2025-03-15 16:12:35,620 - __main__ - INFO - Set Host Position: (1.1, 1.2, 0.5)
2025-03-15 16:12:35,632 - __main__ - DEBUG - Decoded opcode: 0002
2025-03-15 16:12:35,633 - __main__ - INFO - Set Host Position: (1.1, 1.2, 0.6)
2025-03-15 16:12:35,644 - __main__ - DEBUG - Decoded opcode: 0002
2025-03-15 16:12:35,644 - __main__ - INFO - Set Host Position: (1.1, 1.2, 0.6)
2025-03-15 16:12:35,657 - __main__ - DEBUG - Decoded opcode: 0002
2025-03-15 16:12:35,658 - __main__ - INFO - Set Host Position: (1.1, 1.2, 0.6)
2025-03-15 16:13:24,639 - __main__ - DEBUG - [36mVerbose [DEBUG] logging enabled. Detailed messages will now be shown.[0m
2025-03-15 16:13:24,643 - __main__ - DEBUG - Signaling Server session to Unity.
2025-03-15 16:13:24,644 - __main__ - INFO - Server address: [36m0.0.0.0[0m
2025-03-15 16:13:24,645 - __main__ - INFO - Server port: [36m9000[0m
2025-03-15 16:13:24,645 - __main__ - INFO - [36mWhitelist is enabled![0m
2025-03-15 16:13:24,646 - __main__ - DEBUG - Whitelisted IPs: [36m['192.168.1.6'][0m
2025-03-15 16:13:24,646 - __main__ - INFO - [94mActing as Server![0m
2025-03-15 16:13:24,647 - __main__ - INFO - Server listening on [36m0.0.0.0:9000[0m
2025-03-15 16:13:24,654 - __main__ - DEBUG - Decoded opcode: Suce
2025-03-15 16:14:11,474 - __main__ - DEBUG - Decoded opcode: 0002
2025-03-15 16:14:11,474 - __main__ - INFO - Set Host Position: (0.0, 1.2, 0.0)
2025-03-15 16:14:11,497 - __main__ - DEBUG - Decoded opcode: 0002
2025-03-15 16:14:11,497 - __main__ - INFO - Set Host Position: (0.0, 1.2, 0.0)
2025-03-15 16:14:11,509 - __main__ - DEBUG - Decoded opcode: 0002
2025-03-15 16:14:11,510 - __main__ - INFO - Set Host Position: (0.0, 1.2, 0.0)
2025-03-15 16:14:11,521 - __main__ - DEBUG - Decoded opcode: 0002
2025-03-15 16:14:11,521 - __main__ - INFO - Set Host Position: (-0.1, 1.2, 0.0)
2025-03-15 16:14:11,533 - __main__ - DEBUG - Decoded opcode: 0002
2025-03-15 16:14:11,534 - __main__ - INFO - Set Host Position: (-0.1, 1.2, 0.0)
2025-03-15 16:14:11,545 - __main__ - DEBUG - Decoded opcode: 0002
2025-03-15 16:14:11,547 - __main__ - INFO - Set Host Position: (-0.1, 1.2, 0.0)
2025-03-15 16:14:11,559 - __main__ - DEBUG - Decoded opcode: 0002
2025-03-15 16:14:11,559 - __main__ - INFO - Set Host Position: (-0.1, 1.2, 0.0)
2025-03-15 16:14:11,571 - __main__ - DEBUG - Decoded opcode: 0002
2025-03-15 16:14:11,571 - __main__ - INFO - Set Host Position: (-0.1, 1.2, 0.0)
2025-03-15 16:14:11,583 - __main__ - DEBUG - Decoded opcode: 0002
2025-03-15 16:14:11,583 - __main__ - INFO - Set Host Position: (-0.2, 1.2, 0.0)
2025-03-15 16:14:11,594 - __main__ - DEBUG - Decoded opcode: 0002
2025-03-15 16:14:11,594 - __main__ - INFO - Set Host Position: (-0.2, 1.2, 0.0)
2025-03-15 16:14:11,607 - __main__ - DEBUG - Decoded opcode: 0002
2025-03-15 16:14:11,608 - __main__ - INFO - Set Host Position: (-0.2, 1.2, 0.0)
2025-03-15 16:14:11,620 - __main__ - DEBUG - Decoded opcode: 0002
2025-03-15 16:14:11,621 - __main__ - INFO - Set Host Position: (-0.3, 1.2, 0.0)
2025-03-15 16:14:11,632 - __main__ - DEBUG - Decoded opcode: 0002
2025-03-15 16:14:11,633 - __main__ - INFO - Set Host Position: (-0.3, 1.2, 0.0)
2025-03-15 16:14:11,644 - __main__ - DEBUG - Decoded opcode: 0002
2025-03-15 16:14:11,644 - __main__ - INFO - Set Host Position: (-0.3, 1.2, 0.0)
2025-03-15 16:14:11,657 - __main__ - DEBUG - Decoded opcode: 0002
2025-03-15 16:14:11,657 - __main__ - INFO - Set Host Position: (-0.4, 1.2, 0.0)
2025-03-15 16:14:11,668 - __main__ - DEBUG - Decoded opcode: 0002
2025-03-15 16:14:11,668 - __main__ - INFO - Set Host Position: (-0.4, 1.2, 0.0)
2025-03-15 16:14:11,680 - __main__ - DEBUG - Decoded opcode: 0002
2025-03-15 16:14:11,682 - __main__ - INFO - Set Host Position: (-0.5, 1.2, 0.0)
2025-03-15 16:14:11,694 - __main__ - DEBUG - Decoded opcode: 0002
2025-03-15 16:14:11,694 - __main__ - INFO - Set Host Position: (-0.5, 1.2, 0.1)
2025-03-15 16:14:11,705 - __main__ - DEBUG - Decoded opcode: 0002
2025-03-15 16:14:11,706 - __main__ - INFO - Set Host Position: (-0.6, 1.2, 0.1)
2025-03-15 16:14:11,717 - __main__ - DEBUG - Decoded opcode: 0002
2025-03-15 16:14:11,717 - __main__ - INFO - Set Host Position: (-0.6, 1.2, 0.1)
2025-03-15 16:14:11,730 - __main__ - DEBUG - Decoded opcode: 0002
2025-03-15 16:14:11,731 - __main__ - INFO - Set Host Position: (-0.7, 1.2, 0.1)
2025-03-15 16:14:11,742 - __main__ - DEBUG - Decoded opcode: 0002
2025-03-15 16:14:11,742 - __main__ - INFO - Set Host Position: (-0.7, 1.2, 0.1)
2025-03-15 16:14:11,756 - __main__ - DEBUG - Decoded opcode: 0002
2025-03-15 16:14:11,756 - __main__ - INFO - Set Host Position: (-0.8, 1.2, 0.1)
2025-03-15 16:14:11,768 - __main__ - DEBUG - Decoded opcode: 0002
2025-03-15 16:14:11,768 - __main__ - INFO - Set Host Position: (-0.8, 1.2, 0.1)
2025-03-15 16:14:11,779 - __main__ - DEBUG - Decoded opcode: 0002
2025-03-15 16:14:11,781 - __main__ - INFO - Set Host Position: (-0.9, 1.2, 0.1)
2025-03-15 16:14:11,792 - __main__ - DEBUG - Decoded opcode: 0002
2025-03-15 16:14:11,792 - __main__ - INFO - Set Host Position: (-1.0, 1.2, 0.1)
2025-03-15 16:14:11,804 - __main__ - DEBUG - Decoded opcode: 0002
2025-03-15 16:14:11,805 - __main__ - INFO - Set Host Position: (-1.0, 1.2, 0.1)
2025-03-15 16:14:11,816 - __main__ - DEBUG - Decoded opcode: 0002
2025-03-15 16:14:11,817 - __main__ - INFO - Set Host Position: (-1.1, 1.2, 0.1)
2025-03-15 16:14:11,830 - __main__ - DEBUG - Decoded opcode: 0002
2025-03-15 16:14:11,832 - __main__ - INFO - Set Host Position: (-1.2, 1.2, 0.1)
2025-03-15 16:14:11,843 - __main__ - DEBUG - Decoded opcode: 0002
2025-03-15 16:14:11,844 - __main__ - INFO - Set Host Position: (-1.2, 1.2, 0.1)
2025-03-15 16:14:11,855 - __main__ - DEBUG - Decoded opcode: 0002
2025-03-15 16:14:11,855 - __main__ - INFO - Set Host Position: (-1.3, 1.2, 0.1)
2025-03-15 16:14:11,867 - __main__ - DEBUG - Decoded opcode: 0002
2025-03-15 16:14:11,868 - __main__ - INFO - Set Host Position: (-1.4, 1.2, 0.1)
2025-03-15 16:14:11,879 - __main__ - DEBUG - Decoded opcode: 0002
2025-03-15 16:14:11,880 - __main__ - INFO - Set Host Position: (-1.4, 1.2, 0.1)
2025-03-15 16:14:11,893 - __main__ - DEBUG - Decoded opcode: 0002
2025-03-15 16:14:11,894 - __main__ - INFO - Set Host Position: (-1.4, 1.2, 0.1)
2025-03-15 16:14:11,905 - __main__ - DEBUG - Decoded opcode: 0002
2025-03-15 16:14:11,905 - __main__ - INFO - Set Host Position: (-1.5, 1.2, 0.1)
2025-03-15 16:14:11,917 - __main__ - DEBUG - Decoded opcode: 0002
2025-03-15 16:14:11,918 - __main__ - INFO - Set Host Position: (-1.6, 1.2, 0.1)
2025-03-15 16:14:11,930 - __main__ - DEBUG - Decoded opcode: 0002
2025-03-15 16:14:11,931 - __main__ - INFO - Set Host Position: (-1.6, 1.2, 0.2)
2025-03-15 16:14:11,943 - __main__ - DEBUG - Decoded opcode: 0002
2025-03-15 16:14:11,944 - __main__ - INFO - Set Host Position: (-1.6, 1.2, 0.2)
2025-03-15 16:14:11,955 - __main__ - DEBUG - Decoded opcode: 0002
2025-03-15 16:14:11,955 - __main__ - INFO - Set Host Position: (-1.7, 1.2, 0.2)
2025-03-15 16:14:11,967 - __main__ - DEBUG - Decoded opcode: 0002
2025-03-15 16:14:11,968 - __main__ - INFO - Set Host Position: (-1.7, 1.2, 0.2)
2025-03-15 16:14:11,980 - __main__ - DEBUG - Decoded opcode: 0002
2025-03-15 16:14:11,982 - __main__ - INFO - Set Host Position: (-1.8, 1.2, 0.2)
2025-03-15 16:14:11,993 - __main__ - DEBUG - Decoded opcode: 0002
2025-03-15 16:14:11,993 - __main__ - INFO - Set Host Position: (-1.8, 1.2, 0.2)
2025-03-15 16:14:12,005 - __main__ - DEBUG - Decoded opcode: 0002
2025-03-15 16:14:12,005 - __main__ - INFO - Set Host Position: (-1.8, 1.2, 0.2)
2025-03-15 16:14:12,017 - __main__ - DEBUG - Decoded opcode: 0002
2025-03-15 16:14:12,018 - __main__ - INFO - Set Host Position: (-1.9, 1.2, 0.2)
2025-03-15 16:14:12,029 - __main__ - DEBUG - Decoded opcode: 0002
2025-03-15 16:14:12,030 - __main__ - INFO - Set Host Position: (-1.9, 1.2, 0.2)
2025-03-15 16:14:12,042 - __main__ - DEBUG - Decoded opcode: 0002
2025-03-15 16:14:12,042 - __main__ - INFO - Set Host Position: (-1.9, 1.2, 0.2)
2025-03-15 16:14:12,054 - __main__ - DEBUG - Decoded opcode: 0002
2025-03-15 16:14:12,055 - __main__ - INFO - Set Host Position: (-1.9, 1.2, 0.2)
2025-03-15 16:14:12,067 - __main__ - DEBUG - Decoded opcode: 0002
2025-03-15 16:14:12,068 - __main__ - INFO - Set Host Position: (-1.9, 1.2, 0.2)
2025-03-15 16:14:12,078 - __main__ - DEBUG - Decoded opcode: 0002
2025-03-15 16:14:12,080 - __main__ - INFO - Set Host Position: (-2.0, 1.2, 0.2)
2025-03-15 16:14:12,091 - __main__ - DEBUG - Decoded opcode: 0002
2025-03-15 16:14:12,091 - __main__ - INFO - Set Host Position: (-2.0, 1.2, 0.2)
2025-03-15 16:14:12,103 - __main__ - DEBUG - Decoded opcode: 0002
2025-03-15 16:14:12,104 - __main__ - INFO - Set Host Position: (-2.0, 1.2, 0.2)
2025-03-15 16:14:12,115 - __main__ - DEBUG - Decoded opcode: 0002
2025-03-15 16:14:12,116 - __main__ - INFO - Set Host Position: (-2.0, 1.2, 0.2)
2025-03-15 16:14:12,127 - __main__ - DEBUG - Decoded opcode: 0002
2025-03-15 16:14:12,127 - __main__ - INFO - Set Host Position: (-2.0, 1.2, 0.2)
2025-03-15 16:14:12,149 - __main__ - DEBUG - Decoded opcode: 0002
2025-03-15 16:14:12,150 - __main__ - INFO - Set Host Position: (-2.0, 1.2, 0.2)
2025-03-15 16:15:07,696 - __main__ - DEBUG - Decoded opcode: 0002
2025-03-15 16:15:07,697 - __main__ - INFO - Set Host Position: (-2.0, 1.2, 0.2)
2025-03-15 16:15:07,708 - __main__ - DEBUG - Decoded opcode: 0002
2025-03-15 16:15:07,708 - __main__ - INFO - Set Host Position: (-2.0, 1.2, 0.2)
2025-03-15 16:15:07,720 - __main__ - DEBUG - Decoded opcode: 0002
2025-03-15 16:15:07,721 - __main__ - INFO - Set Host Position: (-2.0, 1.2, 0.2)
2025-03-15 16:15:07,732 - __main__ - DEBUG - Decoded opcode: 0002
2025-03-15 16:15:07,733 - __main__ - INFO - Set Host Position: (-2.1, 1.2, 0.2)
2025-03-15 16:15:07,747 - __main__ - DEBUG - Decoded opcode: 0002
2025-03-15 16:15:07,751 - __main__ - INFO - Set Host Position: (-2.1, 1.2, 0.2)
2025-03-15 16:15:07,769 - __main__ - DEBUG - Decoded opcode: 0002
2025-03-15 16:15:07,770 - __main__ - INFO - Set Host Position: (-2.1, 1.2, 0.2)
2025-03-15 16:15:07,783 - __main__ - DEBUG - Decoded opcode: 0002
2025-03-15 16:15:07,785 - __main__ - INFO - Set Host Position: (-2.1, 1.2, 0.2)
2025-03-15 16:15:07,798 - __main__ - DEBUG - Decoded opcode: 0002
2025-03-15 16:15:07,800 - __main__ - INFO - Set Host Position: (-2.2, 1.2, 0.3)
2025-03-15 16:15:07,814 - __main__ - DEBUG - Decoded opcode: 0002
2025-03-15 16:15:07,815 - __main__ - INFO - Set Host Position: (-2.2, 1.2, 0.3)
2025-03-15 16:15:07,827 - __main__ - DEBUG - Decoded opcode: 0002
2025-03-15 16:15:07,829 - __main__ - INFO - Set Host Position: (-2.2, 1.2, 0.3)
2025-03-15 16:15:07,844 - __main__ - DEBUG - Decoded opcode: 0002
2025-03-15 16:15:07,845 - __main__ - INFO - Set Host Position: (-2.3, 1.2, 0.3)
2025-03-15 16:15:07,856 - __main__ - DEBUG - Decoded opcode: 0002
2025-03-15 16:15:07,856 - __main__ - INFO - Set Host Position: (-2.3, 1.2, 0.3)
2025-03-15 16:15:07,870 - __main__ - DEBUG - Decoded opcode: 0002
2025-03-15 16:15:07,872 - __main__ - INFO - Set Host Position: (-2.3, 1.2, 0.3)
2025-03-15 16:15:07,885 - __main__ - DEBUG - Decoded opcode: 0002
2025-03-15 16:15:07,885 - __main__ - INFO - Set Host Position: (-2.4, 1.2, 0.3)
2025-03-15 16:15:07,897 - __main__ - DEBUG - Decoded opcode: 0002
2025-03-15 16:15:07,897 - __main__ - INFO - Set Host Position: (-2.4, 1.2, 0.4)
2025-03-15 16:15:07,908 - __main__ - DEBUG - Decoded opcode: 0002
2025-03-15 16:15:07,909 - __main__ - INFO - Set Host Position: (-2.5, 1.2, 0.4)
2025-03-15 16:15:07,920 - __main__ - DEBUG - Decoded opcode: 0002
2025-03-15 16:15:07,921 - __main__ - INFO - Set Host Position: (-2.5, 1.2, 0.4)
2025-03-15 16:15:07,933 - __main__ - DEBUG - Decoded opcode: 0002
2025-03-15 16:15:07,933 - __main__ - INFO - Set Host Position: (-2.5, 1.2, 0.4)
2025-03-15 16:15:07,945 - __main__ - DEBUG - Decoded opcode: 0002
2025-03-15 16:15:07,946 - __main__ - INFO - Set Host Position: (-2.6, 1.2, 0.4)
2025-03-15 16:15:07,958 - __main__ - DEBUG - Decoded opcode: 0002
2025-03-15 16:15:07,958 - __main__ - INFO - Set Host Position: (-2.6, 1.2, 0.5)
2025-03-15 16:15:07,970 - __main__ - DEBUG - Decoded opcode: 0002
2025-03-15 16:15:07,972 - __main__ - INFO - Set Host Position: (-2.7, 1.2, 0.5)
2025-03-15 16:15:07,983 - __main__ - DEBUG - Decoded opcode: 0002
2025-03-15 16:15:07,983 - __main__ - INFO - Set Host Position: (-2.8, 1.2, 0.5)
2025-03-15 16:15:07,995 - __main__ - DEBUG - Decoded opcode: 0002
2025-03-15 16:15:07,995 - __main__ - INFO - Set Host Position: (-2.8, 1.2, 0.6)
2025-03-15 16:15:08,006 - __main__ - DEBUG - Decoded opcode: 0002
2025-03-15 16:15:08,007 - __main__ - INFO - Set Host Position: (-2.9, 1.2, 0.6)
2025-03-15 16:15:08,018 - __main__ - DEBUG - Decoded opcode: 0002
2025-03-15 16:15:08,019 - __main__ - INFO - Set Host Position: (-2.9, 1.2, 0.6)
2025-03-15 16:15:08,030 - __main__ - DEBUG - Decoded opcode: 0002
2025-03-15 16:15:08,030 - __main__ - INFO - Set Host Position: (-3.0, 1.2, 0.6)
2025-03-15 16:15:08,042 - __main__ - DEBUG - Decoded opcode: 0002
2025-03-15 16:15:08,043 - __main__ - INFO - Set Host Position: (-3.0, 1.2, 0.7)
2025-03-15 16:15:08,054 - __main__ - DEBUG - Decoded opcode: 0002
2025-03-15 16:15:08,054 - __main__ - INFO - Set Host Position: (-3.1, 1.2, 0.7)
2025-03-15 16:15:08,067 - __main__ - DEBUG - Decoded opcode: 0002
2025-03-15 16:15:08,067 - __main__ - INFO - Set Host Position: (-3.1, 1.2, 0.7)
2025-03-15 16:15:08,079 - __main__ - DEBUG - Decoded opcode: 0002
2025-03-15 16:15:08,079 - __main__ - INFO - Set Host Position: (-3.2, 1.2, 0.8)
2025-03-15 16:15:08,091 - __main__ - DEBUG - Decoded opcode: 0002
2025-03-15 16:15:08,092 - __main__ - INFO - Set Host Position: (-3.2, 1.2, 0.8)
2025-03-15 16:15:08,103 - __main__ - DEBUG - Decoded opcode: 0002
2025-03-15 16:15:08,104 - __main__ - INFO - Set Host Position: (-3.3, 1.2, 0.8)
2025-03-15 16:15:08,116 - __main__ - DEBUG - Decoded opcode: 0002
2025-03-15 16:15:08,117 - __main__ - INFO - Set Host Position: (-3.3, 1.2, 0.8)
2025-03-15 16:15:08,128 - __main__ - DEBUG - Decoded opcode: 0002
2025-03-15 16:15:08,129 - __main__ - INFO - Set Host Position: (-3.4, 1.2, 0.9)
2025-03-15 16:15:08,141 - __main__ - DEBUG - Decoded opcode: 0002
2025-03-15 16:15:08,142 - __main__ - INFO - Set Host Position: (-3.4, 1.2, 0.9)
2025-03-15 16:15:08,153 - __main__ - DEBUG - Decoded opcode: 0002
2025-03-15 16:15:08,154 - __main__ - INFO - Set Host Position: (-3.5, 1.2, 0.9)
2025-03-15 16:15:08,167 - __main__ - DEBUG - Decoded opcode: 0002
2025-03-15 16:15:08,167 - __main__ - INFO - Set Host Position: (-3.5, 1.2, 0.9)
2025-03-15 16:15:08,179 - __main__ - DEBUG - Decoded opcode: 0002
2025-03-15 16:15:08,179 - __main__ - INFO - Set Host Position: (-3.5, 1.2, 0.9)
2025-03-15 16:15:08,232 - __main__ - DEBUG - Decoded opcode: 0002
2025-03-15 16:15:08,232 - __main__ - INFO - Set Host Position: (-3.5, 1.2, 0.9)
2025-03-15 16:15:08,244 - __main__ - DEBUG - Decoded opcode: 0002
2025-03-15 16:15:08,244 - __main__ - INFO - Set Host Position: (-3.5, 1.2, 0.9)
2025-03-15 16:15:08,256 - __main__ - DEBUG - Decoded opcode: 0002
2025-03-15 16:15:08,258 - __main__ - INFO - Set Host Position: (-3.5, 1.2, 0.9)
2025-03-15 16:15:08,269 - __main__ - DEBUG - Decoded opcode: 0002
2025-03-15 16:15:08,269 - __main__ - INFO - Set Host Position: (-3.5, 1.2, 0.9)
2025-03-15 16:15:08,281 - __main__ - DEBUG - Decoded opcode: 0002
2025-03-15 16:15:08,281 - __main__ - INFO - Set Host Position: (-3.5, 1.2, 0.9)
2025-03-15 16:15:08,292 - __main__ - DEBUG - Decoded opcode: 0002
2025-03-15 16:15:08,292 - __main__ - INFO - Set Host Position: (-3.4, 1.2, 0.9)
2025-03-15 16:15:08,304 - __main__ - DEBUG - Decoded opcode: 0002
2025-03-15 16:15:08,305 - __main__ - INFO - Set Host Position: (-3.4, 1.2, 0.9)
2025-03-15 16:15:08,317 - __main__ - DEBUG - Decoded opcode: 0002
2025-03-15 16:15:08,318 - __main__ - INFO - Set Host Position: (-3.4, 1.2, 0.9)
2025-03-15 16:15:08,329 - __main__ - DEBUG - Decoded opcode: 0002
2025-03-15 16:15:08,330 - __main__ - INFO - Set Host Position: (-3.4, 1.2, 0.9)
2025-03-15 16:15:08,342 - __main__ - DEBUG - Decoded opcode: 0002
2025-03-15 16:15:08,342 - __main__ - INFO - Set Host Position: (-3.4, 1.2, 0.8)
2025-03-15 16:15:08,354 - __main__ - DEBUG - Decoded opcode: 0002
2025-03-15 16:15:08,355 - __main__ - INFO - Set Host Position: (-3.3, 1.2, 0.8)
2025-03-15 16:15:08,367 - __main__ - DEBUG - Decoded opcode: 0002
2025-03-15 16:15:08,368 - __main__ - INFO - Set Host Position: (-3.3, 1.2, 0.8)
2025-03-15 16:15:08,379 - __main__ - DEBUG - Decoded opcode: 0002
2025-03-15 16:15:08,379 - __main__ - INFO - Set Host Position: (-3.3, 1.2, 0.8)
2025-03-15 16:15:08,391 - __main__ - DEBUG - Decoded opcode: 0002
2025-03-15 16:15:08,392 - __main__ - INFO - Set Host Position: (-3.2, 1.2, 0.8)
2025-03-15 16:15:08,403 - __main__ - DEBUG - Decoded opcode: 0002
2025-03-15 16:15:08,403 - __main__ - INFO - Set Host Position: (-3.2, 1.2, 0.8)
2025-03-15 16:15:08,415 - __main__ - DEBUG - Decoded opcode: 0002
2025-03-15 16:15:08,415 - __main__ - INFO - Set Host Position: (-3.2, 1.2, 0.7)
2025-03-15 16:15:08,426 - __main__ - DEBUG - Decoded opcode: 0002
2025-03-15 16:15:08,426 - __main__ - INFO - Set Host Position: (-3.1, 1.2, 0.7)
2025-03-15 16:15:08,438 - __main__ - DEBUG - Decoded opcode: 0002
2025-03-15 16:15:08,439 - __main__ - INFO - Set Host Position: (-3.1, 1.2, 0.7)
2025-03-15 16:15:08,450 - __main__ - DEBUG - Decoded opcode: 0002
2025-03-15 16:15:08,451 - __main__ - INFO - Set Host Position: (-3.0, 1.2, 0.7)
2025-03-15 16:15:08,462 - __main__ - DEBUG - Decoded opcode: 0002
2025-03-15 16:15:08,462 - __main__ - INFO - Set Host Position: (-3.0, 1.2, 0.7)
2025-03-15 16:15:08,474 - __main__ - DEBUG - Decoded opcode: 0002
2025-03-15 16:15:08,475 - __main__ - INFO - Set Host Position: (-3.0, 1.2, 0.6)
2025-03-15 16:15:08,486 - __main__ - DEBUG - Decoded opcode: 0002
2025-03-15 16:15:08,486 - __main__ - INFO - Set Host Position: (-2.9, 1.2, 0.6)
2025-03-15 16:15:08,498 - __main__ - DEBUG - Decoded opcode: 0002
2025-03-15 16:15:08,498 - __main__ - INFO - Set Host Position: (-2.8, 1.2, 0.6)
2025-03-15 16:15:08,509 - __main__ - DEBUG - Decoded opcode: 0002
2025-03-15 16:15:08,509 - __main__ - INFO - Set Host Position: (-2.8, 1.2, 0.6)
2025-03-15 16:15:08,521 - __main__ - DEBUG - Decoded opcode: 0002
2025-03-15 16:15:08,522 - __main__ - INFO - Set Host Position: (-2.7, 1.2, 0.5)
2025-03-15 16:15:08,534 - __main__ - DEBUG - Decoded opcode: 0002
2025-03-15 16:15:08,535 - __main__ - INFO - Set Host Position: (-2.7, 1.2, 0.5)
2025-03-15 16:15:08,546 - __main__ - DEBUG - Decoded opcode: 0002
2025-03-15 16:15:08,546 - __main__ - INFO - Set Host Position: (-2.6, 1.2, 0.5)
2025-03-15 16:15:08,558 - __main__ - DEBUG - Decoded opcode: 0002
2025-03-15 16:15:08,559 - __main__ - INFO - Set Host Position: (-2.6, 1.2, 0.5)
2025-03-15 16:15:08,570 - __main__ - DEBUG - Decoded opcode: 0002
2025-03-15 16:15:08,570 - __main__ - INFO - Set Host Position: (-2.5, 1.2, 0.4)
2025-03-15 16:15:08,581 - __main__ - DEBUG - Decoded opcode: 0002
2025-03-15 16:15:08,581 - __main__ - INFO - Set Host Position: (-2.5, 1.2, 0.4)
2025-03-15 16:15:08,593 - __main__ - DEBUG - Decoded opcode: 0002
2025-03-15 16:15:08,593 - __main__ - INFO - Set Host Position: (-2.5, 1.2, 0.4)
2025-03-15 16:15:08,604 - __main__ - DEBUG - Decoded opcode: 0002
2025-03-15 16:15:08,606 - __main__ - INFO - Set Host Position: (-2.4, 1.2, 0.4)
2025-03-15 16:15:08,617 - __main__ - DEBUG - Decoded opcode: 0002
2025-03-15 16:15:08,617 - __main__ - INFO - Set Host Position: (-2.3, 1.2, 0.3)
2025-03-15 16:15:08,629 - __main__ - DEBUG - Decoded opcode: 0002
2025-03-15 16:15:08,629 - __main__ - INFO - Set Host Position: (-2.3, 1.2, 0.3)
2025-03-15 16:15:08,641 - __main__ - DEBUG - Decoded opcode: 0002
2025-03-15 16:15:08,642 - __main__ - INFO - Set Host Position: (-2.2, 1.2, 0.3)
2025-03-15 16:15:08,654 - __main__ - DEBUG - Decoded opcode: 0002
2025-03-15 16:15:08,654 - __main__ - INFO - Set Host Position: (-2.2, 1.2, 0.2)
2025-03-15 16:15:08,666 - __main__ - DEBUG - Decoded opcode: 0002
2025-03-15 16:15:08,666 - __main__ - INFO - Set Host Position: (-2.1, 1.2, 0.2)
2025-03-15 16:15:08,678 - __main__ - DEBUG - Decoded opcode: 0002
2025-03-15 16:15:08,678 - __main__ - INFO - Set Host Position: (-2.1, 1.2, 0.2)
2025-03-15 16:15:08,690 - __main__ - DEBUG - Decoded opcode: 0002
2025-03-15 16:15:08,690 - __main__ - INFO - Set Host Position: (-2.0, 1.2, 0.1)
2025-03-15 16:15:08,702 - __main__ - DEBUG - Decoded opcode: 0002
2025-03-15 16:15:08,702 - __main__ - INFO - Set Host Position: (-2.0, 1.2, 0.1)
2025-03-15 16:15:08,713 - __main__ - DEBUG - Decoded opcode: 0002
2025-03-15 16:15:08,715 - __main__ - INFO - Set Host Position: (-1.9, 1.2, 0.1)
2025-03-15 16:15:08,726 - __main__ - DEBUG - Decoded opcode: 0002
2025-03-15 16:15:08,727 - __main__ - INFO - Set Host Position: (-1.9, 1.2, 0.0)
2025-03-15 16:15:08,739 - __main__ - DEBUG - Decoded opcode: 0002
2025-03-15 16:15:08,739 - __main__ - INFO - Set Host Position: (-1.8, 1.2, 0.0)
2025-03-15 16:15:08,751 - __main__ - DEBUG - Decoded opcode: 0002
2025-03-15 16:15:08,751 - __main__ - INFO - Set Host Position: (-1.8, 1.2, 0.0)
2025-03-15 16:15:08,764 - __main__ - DEBUG - Decoded opcode: 0002
2025-03-15 16:15:08,764 - __main__ - INFO - Set Host Position: (-1.7, 1.2, -0.1)
2025-03-15 16:15:08,776 - __main__ - DEBUG - Decoded opcode: 0002
2025-03-15 16:15:08,777 - __main__ - INFO - Set Host Position: (-1.7, 1.2, -0.1)
2025-03-15 16:15:08,789 - __main__ - DEBUG - Decoded opcode: 0002
2025-03-15 16:15:08,790 - __main__ - INFO - Set Host Position: (-1.6, 1.2, -0.1)
2025-03-15 16:15:08,801 - __main__ - DEBUG - Decoded opcode: 0002
2025-03-15 16:15:08,802 - __main__ - INFO - Set Host Position: (-1.6, 1.2, -0.2)
2025-03-15 16:15:08,813 - __main__ - DEBUG - Decoded opcode: 0002
2025-03-15 16:15:08,813 - __main__ - INFO - Set Host Position: (-1.5, 1.2, -0.2)
2025-03-15 16:15:08,825 - __main__ - DEBUG - Decoded opcode: 0002
2025-03-15 16:15:08,826 - __main__ - INFO - Set Host Position: (-1.5, 1.2, -0.2)
2025-03-15 16:15:08,837 - __main__ - DEBUG - Decoded opcode: 0002
2025-03-15 16:15:08,838 - __main__ - INFO - Set Host Position: (-1.4, 1.2, -0.3)
2025-03-15 16:15:08,849 - __main__ - DEBUG - Decoded opcode: 0002
2025-03-15 16:15:08,850 - __main__ - INFO - Set Host Position: (-1.4, 1.2, -0.3)
2025-03-15 16:15:08,861 - __main__ - DEBUG - Decoded opcode: 0002
2025-03-15 16:15:08,861 - __main__ - INFO - Set Host Position: (-1.3, 1.2, -0.3)
2025-03-15 16:15:08,873 - __main__ - DEBUG - Decoded opcode: 0002
2025-03-15 16:15:08,874 - __main__ - INFO - Set Host Position: (-1.3, 1.2, -0.4)
2025-03-15 16:15:08,886 - __main__ - DEBUG - Decoded opcode: 0002
2025-03-15 16:15:08,886 - __main__ - INFO - Set Host Position: (-1.2, 1.2, -0.4)
2025-03-15 16:15:08,897 - __main__ - DEBUG - Decoded opcode: 0002
2025-03-15 16:15:08,897 - __main__ - INFO - Set Host Position: (-1.2, 1.2, -0.4)
2025-03-15 16:15:08,909 - __main__ - DEBUG - Decoded opcode: 0002
2025-03-15 16:15:08,909 - __main__ - INFO - Set Host Position: (-1.1, 1.2, -0.5)
2025-03-15 16:15:08,921 - __main__ - DEBUG - Decoded opcode: 0002
2025-03-15 16:15:08,922 - __main__ - INFO - Set Host Position: (-1.1, 1.2, -0.5)
2025-03-15 16:15:08,933 - __main__ - DEBUG - Decoded opcode: 0002
2025-03-15 16:15:08,933 - __main__ - INFO - Set Host Position: (-1.0, 1.2, -0.6)
2025-03-15 16:15:08,945 - __main__ - DEBUG - Decoded opcode: 0002
2025-03-15 16:15:08,945 - __main__ - INFO - Set Host Position: (-1.0, 1.2, -0.6)
2025-03-15 16:15:08,956 - __main__ - DEBUG - Decoded opcode: 0002
2025-03-15 16:15:08,958 - __main__ - INFO - Set Host Position: (-0.9, 1.2, -0.6)
2025-03-15 16:15:08,970 - __main__ - DEBUG - Decoded opcode: 0002
2025-03-15 16:15:08,970 - __main__ - INFO - Set Host Position: (-0.9, 1.2, -0.7)
2025-03-15 16:15:08,982 - __main__ - DEBUG - Decoded opcode: 0002
2025-03-15 16:15:08,982 - __main__ - INFO - Set Host Position: (-0.8, 1.2, -0.7)
2025-03-15 16:15:08,993 - __main__ - DEBUG - Decoded opcode: 0002
2025-03-15 16:15:08,993 - __main__ - INFO - Set Host Position: (-0.8, 1.2, -0.8)
2025-03-15 16:15:09,005 - __main__ - DEBUG - Decoded opcode: 0002
2025-03-15 16:15:09,006 - __main__ - INFO - Set Host Position: (-0.8, 1.2, -0.8)
2025-03-15 16:15:09,018 - __main__ - DEBUG - Decoded opcode: 0002
2025-03-15 16:15:09,018 - __main__ - INFO - Set Host Position: (-0.7, 1.2, -0.8)
2025-03-15 16:15:09,030 - __main__ - DEBUG - Decoded opcode: 0002
2025-03-15 16:15:09,030 - __main__ - INFO - Set Host Position: (-0.7, 1.2, -0.9)
2025-03-15 16:15:09,042 - __main__ - DEBUG - Decoded opcode: 0002
2025-03-15 16:15:09,043 - __main__ - INFO - Set Host Position: (-0.6, 1.2, -0.9)
2025-03-15 16:15:09,054 - __main__ - DEBUG - Decoded opcode: 0002
2025-03-15 16:15:09,055 - __main__ - INFO - Set Host Position: (-0.6, 1.2, -1.0)
2025-03-15 16:15:09,069 - __main__ - DEBUG - Decoded opcode: 0002
2025-03-15 16:15:09,069 - __main__ - INFO - Set Host Position: (-0.5, 1.2, -1.0)
2025-03-15 16:15:09,080 - __main__ - DEBUG - Decoded opcode: 0002
2025-03-15 16:15:09,081 - __main__ - INFO - Set Host Position: (-0.5, 1.2, -1.1)
2025-03-15 16:15:09,092 - __main__ - DEBUG - Decoded opcode: 0002
2025-03-15 16:15:09,093 - __main__ - INFO - Set Host Position: (-0.5, 1.2, -1.1)
2025-03-15 16:15:09,104 - __main__ - DEBUG - Decoded opcode: 0002
2025-03-15 16:15:09,105 - __main__ - INFO - Set Host Position: (-0.4, 1.2, -1.1)
2025-03-15 16:15:09,116 - __main__ - DEBUG - Decoded opcode: 0002
2025-03-15 16:15:09,116 - __main__ - INFO - Set Host Position: (-0.4, 1.2, -1.2)
2025-03-15 16:15:09,129 - __main__ - DEBUG - Decoded opcode: 0002
2025-03-15 16:15:09,129 - __main__ - INFO - Set Host Position: (-0.3, 1.2, -1.2)
2025-03-15 16:15:09,140 - __main__ - DEBUG - Decoded opcode: 0002
2025-03-15 16:15:09,140 - __main__ - INFO - Set Host Position: (-0.3, 1.2, -1.3)
2025-03-15 16:15:09,153 - __main__ - DEBUG - Decoded opcode: 0002
2025-03-15 16:15:09,153 - __main__ - INFO - Set Host Position: (-0.2, 1.2, -1.3)
2025-03-15 16:15:09,165 - __main__ - DEBUG - Decoded opcode: 0002
2025-03-15 16:15:09,165 - __main__ - INFO - Set Host Position: (-0.2, 1.2, -1.4)
2025-03-15 16:15:09,176 - __main__ - DEBUG - Decoded opcode: 0002
2025-03-15 16:15:09,176 - __main__ - INFO - Set Host Position: (-0.1, 1.2, -1.4)
2025-03-15 16:15:09,188 - __main__ - DEBUG - Decoded opcode: 0002
2025-03-15 16:15:09,189 - __main__ - INFO - Set Host Position: (-0.1, 1.2, -1.4)
2025-03-15 16:15:09,200 - __main__ - DEBUG - Decoded opcode: 0002
2025-03-15 16:15:09,200 - __main__ - INFO - Set Host Position: (-0.1, 1.2, -1.5)
2025-03-15 16:15:09,213 - __main__ - DEBUG - Decoded opcode: 0002
2025-03-15 16:15:09,213 - __main__ - INFO - Set Host Position: (0.0, 1.2, -1.5)
2025-03-15 16:15:09,224 - __main__ - DEBUG - Decoded opcode: 0002
2025-03-15 16:15:09,225 - __main__ - INFO - Set Host Position: (0.0, 1.2, -1.6)
2025-03-15 16:15:09,237 - __main__ - DEBUG - Decoded opcode: 0002
2025-03-15 16:15:09,237 - __main__ - INFO - Set Host Position: (0.1, 1.2, -1.6)
2025-03-15 16:15:09,248 - __main__ - DEBUG - Decoded opcode: 0002
2025-03-15 16:15:09,248 - __main__ - INFO - Set Host Position: (0.1, 1.2, -1.7)
2025-03-15 16:15:09,259 - __main__ - DEBUG - Decoded opcode: 0002
2025-03-15 16:15:09,259 - __main__ - INFO - Set Host Position: (0.1, 1.2, -1.7)
2025-03-15 16:15:09,272 - __main__ - DEBUG - Decoded opcode: 0002
2025-03-15 16:15:09,273 - __main__ - INFO - Set Host Position: (0.2, 1.2, -1.7)
2025-03-15 16:15:09,285 - __main__ - DEBUG - Decoded opcode: 0002
2025-03-15 16:15:09,285 - __main__ - INFO - Set Host Position: (0.2, 1.2, -1.8)
2025-03-15 16:15:09,296 - __main__ - DEBUG - Decoded opcode: 0002
2025-03-15 16:15:09,297 - __main__ - INFO - Set Host Position: (0.3, 1.2, -1.8)
2025-03-15 16:15:09,308 - __main__ - DEBUG - Decoded opcode: 0002
2025-03-15 16:15:09,309 - __main__ - INFO - Set Host Position: (0.3, 1.2, -1.9)
2025-03-15 16:15:09,321 - __main__ - DEBUG - Decoded opcode: 0002
2025-03-15 16:15:09,321 - __main__ - INFO - Set Host Position: (0.3, 1.2, -1.9)
2025-03-15 16:15:09,332 - __main__ - DEBUG - Decoded opcode: 0002
2025-03-15 16:15:09,332 - __main__ - INFO - Set Host Position: (0.4, 1.2, -2.0)
2025-03-15 16:15:09,344 - __main__ - DEBUG - Decoded opcode: 0002
2025-03-15 16:15:09,347 - __main__ - INFO - Set Host Position: (0.4, 1.2, -2.0)
2025-03-15 16:15:09,361 - __main__ - DEBUG - Decoded opcode: 0002
2025-03-15 16:15:09,363 - __main__ - INFO - Set Host Position: (0.5, 1.2, -2.1)
2025-03-15 16:15:09,375 - __main__ - DEBUG - Decoded opcode: 0002
2025-03-15 16:15:09,376 - __main__ - INFO - Set Host Position: (0.5, 1.2, -2.1)
2025-03-15 16:15:09,389 - __main__ - DEBUG - Decoded opcode: 0002
2025-03-15 16:15:09,391 - __main__ - INFO - Set Host Position: (0.6, 1.2, -2.2)
2025-03-15 16:15:09,407 - __main__ - DEBUG - Decoded opcode: 0002
2025-03-15 16:15:09,408 - __main__ - INFO - Set Host Position: (0.6, 1.2, -2.3)
2025-03-15 16:15:09,422 - __main__ - DEBUG - Decoded opcode: 0002
2025-03-15 16:15:09,423 - __main__ - INFO - Set Host Position: (0.7, 1.2, -2.3)
2025-03-15 16:15:09,435 - __main__ - DEBUG - Decoded opcode: 0002
2025-03-15 16:15:09,437 - __main__ - INFO - Set Host Position: (0.7, 1.2, -2.4)
2025-03-15 16:15:09,449 - __main__ - DEBUG - Decoded opcode: 0002
2025-03-15 16:15:09,450 - __main__ - INFO - Set Host Position: (0.7, 1.2, -2.4)
2025-03-15 16:15:09,461 - __main__ - DEBUG - Decoded opcode: 0002
2025-03-15 16:15:09,461 - __main__ - INFO - Set Host Position: (0.8, 1.2, -2.5)
2025-03-15 16:15:09,473 - __main__ - DEBUG - Decoded opcode: 0002
2025-03-15 16:15:09,474 - __main__ - INFO - Set Host Position: (0.8, 1.2, -2.5)
2025-03-15 16:15:09,486 - __main__ - DEBUG - Decoded opcode: 0002
2025-03-15 16:15:09,487 - __main__ - INFO - Set Host Position: (0.8, 1.2, -2.5)
2025-03-15 16:15:09,498 - __main__ - DEBUG - Decoded opcode: 0002
2025-03-15 16:15:09,498 - __main__ - INFO - Set Host Position: (0.9, 1.2, -2.6)
2025-03-15 16:15:09,509 - __main__ - DEBUG - Decoded opcode: 0002
2025-03-15 16:15:09,510 - __main__ - INFO - Set Host Position: (0.9, 1.2, -2.6)
2025-03-15 16:15:09,523 - __main__ - DEBUG - Decoded opcode: 0002
2025-03-15 16:15:09,524 - __main__ - INFO - Set Host Position: (0.9, 1.2, -2.6)
2025-03-15 16:15:09,535 - __main__ - DEBUG - Decoded opcode: 0002
2025-03-15 16:15:09,536 - __main__ - INFO - Set Host Position: (0.9, 1.2, -2.7)
2025-03-15 16:15:09,548 - __main__ - DEBUG - Decoded opcode: 0002
2025-03-15 16:15:09,548 - __main__ - INFO - Set Host Position: (1.0, 1.2, -2.7)
2025-03-15 16:15:09,560 - __main__ - DEBUG - Decoded opcode: 0002
2025-03-15 16:15:09,560 - __main__ - INFO - Set Host Position: (1.0, 1.2, -2.7)
2025-03-15 16:15:09,572 - __main__ - DEBUG - Decoded opcode: 0002
2025-03-15 16:15:09,572 - __main__ - INFO - Set Host Position: (1.0, 1.2, -2.7)
2025-03-15 16:15:09,585 - __main__ - DEBUG - Decoded opcode: 0002
2025-03-15 16:15:09,585 - __main__ - INFO - Set Host Position: (1.0, 1.2, -2.8)
2025-03-15 16:15:09,596 - __main__ - DEBUG - Decoded opcode: 0002
2025-03-15 16:15:09,597 - __main__ - INFO - Set Host Position: (1.0, 1.2, -2.8)
2025-03-15 16:15:09,608 - __main__ - DEBUG - Decoded opcode: 0002
2025-03-15 16:15:09,608 - __main__ - INFO - Set Host Position: (1.1, 1.2, -2.8)
2025-03-15 16:15:09,620 - __main__ - DEBUG - Decoded opcode: 0002
2025-03-15 16:15:09,620 - __main__ - INFO - Set Host Position: (1.1, 1.2, -2.8)
2025-03-15 16:15:09,632 - __main__ - DEBUG - Decoded opcode: 0002
2025-03-15 16:15:09,633 - __main__ - INFO - Set Host Position: (1.1, 1.2, -2.8)
2025-03-15 16:15:09,644 - __main__ - DEBUG - Decoded opcode: 0002
2025-03-15 16:15:09,644 - __main__ - INFO - Set Host Position: (1.1, 1.2, -2.9)
2025-03-15 16:15:09,656 - __main__ - DEBUG - Decoded opcode: 0002
2025-03-15 16:15:09,657 - __main__ - INFO - Set Host Position: (1.1, 1.2, -2.9)
2025-03-15 16:15:09,669 - __main__ - DEBUG - Decoded opcode: 0002
2025-03-15 16:15:09,669 - __main__ - INFO - Set Host Position: (1.1, 1.2, -2.9)
2025-03-15 16:15:09,681 - __main__ - DEBUG - Decoded opcode: 0002
2025-03-15 16:15:09,681 - __main__ - INFO - Set Host Position: (1.1, 1.2, -2.9)
2025-03-15 16:15:09,692 - __main__ - DEBUG - Decoded opcode: 0002
2025-03-15 16:15:09,693 - __main__ - INFO - Set Host Position: (1.1, 1.2, -2.9)
2025-03-15 16:15:09,714 - __main__ - DEBUG - Decoded opcode: 0002
2025-03-15 16:15:09,714 - __main__ - INFO - Set Host Position: (1.1, 1.2, -2.9)
